
[1mRooFit v3.56 -- Developed by Wouter Verkerke and David Kirkby[0m 
                Copyright (C) 2000-2013 NIKHEF, University of California & Stanford University
                All rights reserved, please read http://roofit.sourceforge.net/license.txt

workspace = output/ws_simul4_bdt_BF2_PEE_keys_new.root
simultaneous fits of 4 eta channels
Branching fraction option 2
per-event-error
years: all
systematic constraints
rare yield is constrained, so it is with systematics
numbers from AN
input = input/realdata.txt
cuts file = a
significance with method 1
bernstein
analysis constructor
[1;31minitialization[0m
[#1] INFO:ObjectHandling -- RooWorkspace::import(ws) importing RooRealVar::Mass
[#1] INFO:Eval -- RooRealVar::setRange(Mass) new range named 'sb_lo' created with bounds [4.9,5.2]
[#1] INFO:Eval -- RooRealVar::setRange(Mass) new range named 'blind' created with bounds [5.2,5.45]
[#1] INFO:Eval -- RooRealVar::setRange(Mass) new range named 'bd' created with bounds [5.2,5.3]
[#1] INFO:Eval -- RooRealVar::setRange(Mass) new range named 'bs' created with bounds [5.3,5.45]
[#1] INFO:Eval -- RooRealVar::setRange(Mass) new range named 'sb_hi' created with bounds [5.45,5.9]
[#1] INFO:Eval -- RooRealVar::setRange(Mass) new range named 'overall' created with bounds [4.9,5.9]
[#1] INFO:ObjectHandling -- RooWorkspace::import(ws) importing RooRealVar::eta
[#1] INFO:Eval -- RooRealVar::setRange(eta) new range named 'eta_all' created with bounds [-2.4,2.4]
[#1] INFO:Eval -- RooRealVar::setRange(eta) new range named 'eta_barrel' created with bounds [-1.4,1.4]
[#1] INFO:Eval -- RooRealVar::setRange(eta) new range named 'eta_neg_endcap' created with bounds [-2.4,-1.4]
[#1] INFO:Eval -- RooRealVar::setRange(eta) new range named 'eta_pos_endcap' created with bounds [1.4,2.4]
[#1] INFO:ObjectHandling -- RooWorkspace::import(ws) importing RooRealVar::m1eta
[#1] INFO:ObjectHandling -- RooWorkspace::import(ws) importing RooRealVar::m2eta
[#1] INFO:ObjectHandling -- RooWorkspace::import(ws) importing RooRealVar::weight
[#1] INFO:ObjectHandling -- RooWorkspace::import(ws) importing RooRealVar::bdt
[#1] INFO:ObjectHandling -- RooWorkspace::import(ws) importing RooRealVar::bdt_0
[#1] INFO:ObjectHandling -- RooWorkspace::import(ws) importing RooRealVar::bdt_1
[#1] INFO:ObjectHandling -- RooWorkspace::import(ws) importing RooRealVar::bdt_2
[#1] INFO:ObjectHandling -- RooWorkspace::import(ws) importing RooRealVar::bdt_3
eta category 0; binning = 0.1,0.31,1
eta category 1; binning = 0.1,0.26,1
eta category 2; binning = 0.1,0.23,0.33,0.44,1
eta category 3; binning = 0.1,0.22,0.33,0.45,1
[#1] INFO:ObjectHandling -- RooWorkspace::import(ws) importing RooCategory::etacat
[#1] INFO:ObjectHandling -- RooWorkspace::import(ws) importing RooCategory::bdtcat
[#1] INFO:ObjectHandling -- RooWorkspace::import(ws) importing RooCategory::allcat
[#1] INFO:ObjectHandling -- RooWorkspace::import(ws) importing RooSuperCategory::super_cat
[#1] INFO:ObjectHandling -- RooWorkspace::import(ws) importing RooRealVar::MassRes
[#1] INFO:ObjectHandling -- RooWorkspace::import(ws) importing RooRealVar::ReducedMassRes
parsing input/external_numbers.txt
Bs2MuMu_SM_BF 3.57e-09 \pm 0
Bd2MuMu_SM_BF 1e-10 \pm 0
fs/fu        0.256 \pm 0.025
Bu2JpsiK_BF  0.001016 \pm 3.3e-05
Jpsi2MuMu_BF 0.0593 \pm 0.0006
Acceptance 0 = 0.035
Mass scale 0 = 0
Kaon track 0 = 0.04
Trigger 0 = 0.03
Muon ID 0 = 0.045
Acceptance 1 = 0.05
Mass scale 1 = 0
Kaon track 1 = 0.04
Trigger 1 = 0.03
Muon ID 1 = 0.045
parsing ./input/2011/anaBmm.plotResults.2011.tex
parsing ../uml/input/2011/anaBmm.plotReducedOverlays.2011.tex
etacat 0:
bd eff = 0.0033 \pm 0.0003
bs eff = 0.003 \pm 0.0002
bu eff = 0.00098 \pm 8e-05
N bu   = 71191 \pm 4107
eff ratio relative error 0.121655

etacat 1:
bd eff = 0.002 \pm 0.0002
bs eff = 0.002 \pm 0.0002
bu eff = 0.00036 \pm 4e-05
N bu   = 21373 \pm 1080
eff ratio relative error 0.115287

parsing ./input/2012/anaBmm.plotResults.2012.tex
parsing ../uml/input/2012/anaBmm.plotReducedOverlays.2012.tex
etacat 2:
bd eff = 0.0024 \pm 0.0002
bs eff = 0.0023 \pm 0.0002
bu eff = 0.00082 \pm 7e-05
N bu   = 308877 \pm 15461
eff ratio relative error 0.0858371

etacat 3:
bd eff = 0.001 \pm 0.0001
bs eff = 0.0009 \pm 0.0001
bu eff = 0.00021 \pm 3e-05
N bu   = 69260 \pm 3475
eff ratio relative error 0.0876071

[1;31mchannels = 4; channels_bdt = 1; channels_all = 1[0m
one_over_BRBR = 16597.8 +/- 564.655
effratio_bs (0,0) = 3.06122 +/- 0.372414
effratio_bd (0,0) = 3.36735 +/- 0.409655
effratio_bs (1,0) = 5.55556 +/- 0.640481
effratio_bd (1,0) = 5.55556 +/- 0.640481
effratio_bs (2,0) = 2.80488 +/- 0.240762
effratio_bd (2,0) = 2.92683 +/- 0.25123
effratio_bs (3,0) = 4.28571 +/- 0.375459
effratio_bd (3,0) = 4.7619 +/- 0.417177
Active Message streams
[0] MinLevel = PROGRESS Topic =  Any 
[1] MinLevel = INFO Topic = Minization Plotting Fitting Eval Caching ObjectHandling InputArguments DataHandling NumericIntegration 
fitData constructor
[1;31m>>>>>>>>>>>>>>> the name of the fitting pdf is pdf_ext_simul <<<<<<<<<<<<<<<<<<<[0m
file a does not exist, parsing
 bdt cuts:
channel 0; bdt > 0.29
channel 1; bdt > 0.29
channel 2; bdt > 0.36
channel 3; bdt > 0.38
ws file: output/ws_simul4_bdt_BF2_PEE_keys_new.root
in file : ./input/2011//bkg_yields.txt
N_peak_0	0.598000	0.430048
N_semi_0	30.680000	26.168001
N_comb_0	0.000000	0.400000
N_peak_1	0.238000	0.171353
N_semi_1	9.720000	7.951866
N_comb_1	6.667000	5.484474
######
in file : ./input/2012//bkg_yields.txt
N_peak_2	1.288000	0.941179
N_semi_2	66.776000	55.558426
N_comb_2	26.667000	11.208604
N_peak_3	0.402000	0.291686
N_semi_3	16.264000	12.835773
N_comb_3	6.667000	5.484474
######
N_peak_0 set val to 0.598; set error to 0.430048
N_semi_0 set val to 30.68; set error to 26.168
N_comb_0 set val to 0; set error to 0.4
N_peak_1 set val to 0.238; set error to 0.171353
N_semi_1 set val to 9.72; set error to 7.95187
N_comb_1 set val to 6.667; set error to 5.48447
N_peak_2 set val to 1.288; set error to 0.941179
N_semi_2 set val to 66.776; set error to 55.5584
N_comb_2 set val to 26.667; set error to 11.2086
N_peak_3 set val to 0.402; set error to 0.291686
N_semi_3 set val to 16.264; set error to 12.8358
N_comb_3 set val to 6.667; set error to 5.48447
>>>>>>>>>>>>>> 
no estimation from outside files
[1;31mmaking pdf[0m
channel 0 0; Bu expected 71191 +- 4107; Bs expected: 3.09053; Bd expected: 0.397891
channel 0 0; peak expected: 0.598; semi expected: 30.68; comb expected: 0
channel 1 0; Bu expected 21373 +- 1080; Bs expected: 1.68386; Bd expected: 0.197081
channel 1 0; peak expected: 0.238; semi expected: 9.72; comb expected: 6.667
channel 2 0; Bu expected 308877 +- 15461; Bs expected: 12.2861; Bd expected: 1.5005
channel 2 0; peak expected: 1.288; semi expected: 66.776; comb expected: 26.667
channel 3 0; Bu expected 69260 +- 3475; Bs expected: 4.20938; Bd expected: 0.547413
channel 3 0; peak expected: 0.402; semi expected: 16.264; comb expected: 6.667
[1;31msetting final pdf[0m
[#1] INFO:ObjectHandling -- RooWorkspace::import(ws) importing RooRealVar::BF_bd_over_bs
[#1] INFO:ObjectHandling -- RooWorkspace::import(ws) importing RooGaussian::fs_over_fu_gau
[#1] INFO:ObjectHandling -- RooWorkspace::import(ws) importing RooConstVar::0.256
[#1] INFO:ObjectHandling -- RooWorkspace::import(ws) importing RooConstVar::0.025
[#1] INFO:ObjectHandling -- RooWorkspace::import(ws) importing RooGaussian::one_over_BRBR_gau
[#1] INFO:ObjectHandling -- RooWorkspace::import(ws) importing RooConstVar::16597.8
[#1] INFO:ObjectHandling -- RooWorkspace::import(ws) importing RooConstVar::564.655
[#1] INFO:ObjectHandling -- RooWorkspace::import(ws) importing RooGaussian::N_bu_gau_0
[#1] INFO:ObjectHandling -- RooWorkspace::import(ws) importing RooConstVar::71191
[#1] INFO:ObjectHandling -- RooWorkspace::import(ws) importing RooConstVar::4107
[#1] INFO:ObjectHandling -- RooWorkspace::import(ws) importing RooGaussian::effratio_gau_bs_0
[#1] INFO:ObjectHandling -- RooWorkspace::import(ws) importing RooConstVar::3.06122
[#1] INFO:ObjectHandling -- RooWorkspace::import(ws) importing RooConstVar::0.372414
[#1] INFO:ObjectHandling -- RooWorkspace::import(ws) importing RooGaussian::effratio_gau_bd_0
[#1] INFO:ObjectHandling -- RooWorkspace::import(ws) importing RooConstVar::3.36735
[#1] INFO:ObjectHandling -- RooWorkspace::import(ws) importing RooConstVar::0.409655
[#1] INFO:ObjectHandling -- RooWorkspace::import(ws) importing RooGaussian::N_semi_gau_0
[#1] INFO:ObjectHandling -- RooWorkspace::import(ws) importing RooConstVar::30.68
[#1] INFO:ObjectHandling -- RooWorkspace::import(ws) importing RooConstVar::26.168
[#1] INFO:ObjectHandling -- RooWorkspace::import(ws) importing RooLognormal::N_peak_gau_0
[#1] INFO:ObjectHandling -- RooWorkspace::import(ws) importing RooConstVar::0.598
[#1] INFO:ObjectHandling -- RooWorkspace::import(ws) importing RooConstVar::1.71914
[#1] INFO:ObjectHandling -- RooWorkspace::import(ws) importing RooProdPdf::pdf_1comb_0
[#1] INFO:ObjectHandling -- RooWorkspace::import(ws) importing RooBernstein::mass_1comb_0
[#1] INFO:ObjectHandling -- RooWorkspace::import(ws) importing RooRealVar::B_1comb_0
[#1] INFO:ObjectHandling -- RooWorkspace::import(ws) importing RooFormulaVar::B_2comb_0
[#1] INFO:ObjectHandling -- RooWorkspace::import(ws) importing RooFormulaVar::N_comb2_0
[#1] INFO:ObjectHandling -- RooWorkspace::import(ws) importing RooProdPdf::pdf_ext_total_0
[#1] INFO:ObjectHandling -- RooWorkspace::import(ws) importing RooAddPdf::pdf_ext_sum_0
[#1] INFO:ObjectHandling -- RooWorkspace::import(ws) importing RooProdPdf::pdf_constraints_0
[#1] INFO:ObjectHandling -- RooWorkspace::import(ws) importing RooGaussian::N_bu_gau_1
[#1] INFO:ObjectHandling -- RooWorkspace::import(ws) importing RooConstVar::21373
[#1] INFO:ObjectHandling -- RooWorkspace::import(ws) importing RooConstVar::1080
[#1] INFO:ObjectHandling -- RooWorkspace::import(ws) importing RooGaussian::effratio_gau_bs_1
[#1] INFO:ObjectHandling -- RooWorkspace::import(ws) importing RooConstVar::5.55556
[#1] INFO:ObjectHandling -- RooWorkspace::import(ws) importing RooConstVar::0.640481
[#1] INFO:ObjectHandling -- RooWorkspace::import(ws) importing RooGaussian::effratio_gau_bd_1
[#1] INFO:ObjectHandling -- RooWorkspace::import(ws) importing RooGaussian::N_semi_gau_1
[#1] INFO:ObjectHandling -- RooWorkspace::import(ws) importing RooConstVar::9.72
[#1] INFO:ObjectHandling -- RooWorkspace::import(ws) importing RooConstVar::7.95187
[#1] INFO:ObjectHandling -- RooWorkspace::import(ws) importing RooLognormal::N_peak_gau_1
[#1] INFO:ObjectHandling -- RooWorkspace::import(ws) importing RooConstVar::0.238
[#1] INFO:ObjectHandling -- RooWorkspace::import(ws) importing RooConstVar::1.71997
[#1] INFO:ObjectHandling -- RooWorkspace::import(ws) importing RooProdPdf::pdf_1comb_1
[#1] INFO:ObjectHandling -- RooWorkspace::import(ws) importing RooBernstein::mass_1comb_1
[#1] INFO:ObjectHandling -- RooWorkspace::import(ws) importing RooRealVar::B_1comb_1
[#1] INFO:ObjectHandling -- RooWorkspace::import(ws) importing RooFormulaVar::B_2comb_1
[#1] INFO:ObjectHandling -- RooWorkspace::import(ws) importing RooFormulaVar::N_comb2_1
[#1] INFO:ObjectHandling -- RooWorkspace::import(ws) importing RooProdPdf::pdf_ext_total_1
[#1] INFO:ObjectHandling -- RooWorkspace::import(ws) importing RooAddPdf::pdf_ext_sum_1
[#1] INFO:ObjectHandling -- RooWorkspace::import(ws) importing RooProdPdf::pdf_constraints_1
[#1] INFO:ObjectHandling -- RooWorkspace::import(ws) importing RooGaussian::N_bu_gau_2
[#1] INFO:ObjectHandling -- RooWorkspace::import(ws) importing RooConstVar::308877
[#1] INFO:ObjectHandling -- RooWorkspace::import(ws) importing RooConstVar::15461
[#1] INFO:ObjectHandling -- RooWorkspace::import(ws) importing RooGaussian::effratio_gau_bs_2
[#1] INFO:ObjectHandling -- RooWorkspace::import(ws) importing RooConstVar::2.80488
[#1] INFO:ObjectHandling -- RooWorkspace::import(ws) importing RooConstVar::0.240762
[#1] INFO:ObjectHandling -- RooWorkspace::import(ws) importing RooGaussian::effratio_gau_bd_2
[#1] INFO:ObjectHandling -- RooWorkspace::import(ws) importing RooConstVar::2.92683
[#1] INFO:ObjectHandling -- RooWorkspace::import(ws) importing RooConstVar::0.25123
[#1] INFO:ObjectHandling -- RooWorkspace::import(ws) importing RooGaussian::N_semi_gau_2
[#1] INFO:ObjectHandling -- RooWorkspace::import(ws) importing RooConstVar::66.776
[#1] INFO:ObjectHandling -- RooWorkspace::import(ws) importing RooConstVar::55.5584
[#1] INFO:ObjectHandling -- RooWorkspace::import(ws) importing RooLognormal::N_peak_gau_2
[#1] INFO:ObjectHandling -- RooWorkspace::import(ws) importing RooConstVar::1.288
[#1] INFO:ObjectHandling -- RooWorkspace::import(ws) importing RooConstVar::1.73073
[#1] INFO:ObjectHandling -- RooWorkspace::import(ws) importing RooProdPdf::pdf_1comb_2
[#1] INFO:ObjectHandling -- RooWorkspace::import(ws) importing RooBernstein::mass_1comb_2
[#1] INFO:ObjectHandling -- RooWorkspace::import(ws) importing RooRealVar::B_1comb_2
[#1] INFO:ObjectHandling -- RooWorkspace::import(ws) importing RooFormulaVar::B_2comb_2
[#1] INFO:ObjectHandling -- RooWorkspace::import(ws) importing RooFormulaVar::N_comb2_2
[#1] INFO:ObjectHandling -- RooWorkspace::import(ws) importing RooProdPdf::pdf_ext_total_2
[#1] INFO:ObjectHandling -- RooWorkspace::import(ws) importing RooAddPdf::pdf_ext_sum_2
[#1] INFO:ObjectHandling -- RooWorkspace::import(ws) importing RooProdPdf::pdf_constraints_2
[#1] INFO:ObjectHandling -- RooWorkspace::import(ws) importing RooGaussian::N_bu_gau_3
[#1] INFO:ObjectHandling -- RooWorkspace::import(ws) importing RooConstVar::69260
[#1] INFO:ObjectHandling -- RooWorkspace::import(ws) importing RooConstVar::3475
[#1] INFO:ObjectHandling -- RooWorkspace::import(ws) importing RooGaussian::effratio_gau_bs_3
[#1] INFO:ObjectHandling -- RooWorkspace::import(ws) importing RooConstVar::4.28571
[#1] INFO:ObjectHandling -- RooWorkspace::import(ws) importing RooConstVar::0.375459
[#1] INFO:ObjectHandling -- RooWorkspace::import(ws) importing RooGaussian::effratio_gau_bd_3
[#1] INFO:ObjectHandling -- RooWorkspace::import(ws) importing RooConstVar::4.7619
[#1] INFO:ObjectHandling -- RooWorkspace::import(ws) importing RooConstVar::0.417177
[#1] INFO:ObjectHandling -- RooWorkspace::import(ws) importing RooGaussian::N_semi_gau_3
[#1] INFO:ObjectHandling -- RooWorkspace::import(ws) importing RooConstVar::16.264
[#1] INFO:ObjectHandling -- RooWorkspace::import(ws) importing RooConstVar::12.8358
[#1] INFO:ObjectHandling -- RooWorkspace::import(ws) importing RooLognormal::N_peak_gau_3
[#1] INFO:ObjectHandling -- RooWorkspace::import(ws) importing RooConstVar::0.402
[#1] INFO:ObjectHandling -- RooWorkspace::import(ws) importing RooConstVar::1.72559
[#1] INFO:ObjectHandling -- RooWorkspace::import(ws) importing RooProdPdf::pdf_1comb_3
[#1] INFO:ObjectHandling -- RooWorkspace::import(ws) importing RooBernstein::mass_1comb_3
[#1] INFO:ObjectHandling -- RooWorkspace::import(ws) importing RooRealVar::B_1comb_3
[#1] INFO:ObjectHandling -- RooWorkspace::import(ws) importing RooFormulaVar::B_2comb_3
[#1] INFO:ObjectHandling -- RooWorkspace::import(ws) importing RooFormulaVar::N_comb2_3
[#1] INFO:ObjectHandling -- RooWorkspace::import(ws) importing RooProdPdf::pdf_ext_total_3
[#1] INFO:ObjectHandling -- RooWorkspace::import(ws) importing RooAddPdf::pdf_ext_sum_3
[#1] INFO:ObjectHandling -- RooWorkspace::import(ws) importing RooProdPdf::pdf_constraints_3
[#1] INFO:ObjectHandling -- RooWorkspace::import(ws) importing RooSimultaneous::pdf_ext_simul
[#1] INFO:ObjectHandling -- RooWorkspace::import(ws) importing RooSimultaneous::pdf_ext_simul_noconstr

RooWorkspace(ws) ws contents

variables
---------
(Alpha_bd_0,Alpha_bd_1,Alpha_bd_2,Alpha_bd_3,Alpha_bs_0,Alpha_bs_1,Alpha_bs_2,Alpha_bs_3,Alpha_peak_0,Alpha_peak_1,Alpha_peak_2,Alpha_peak_3,BF_bd,BF_bd_over_bs,BF_bs,B_1comb_0,B_1comb_1,B_1comb_2,B_1comb_3,CoeffGauss_peak_0,CoeffGauss_peak_1,CoeffGauss_peak_2,CoeffGauss_peak_3,Enne_bd_0,Enne_bd_1,Enne_bd_2,Enne_bd_3,Enne_bs_0,Enne_bs_1,Enne_bs_2,Enne_bs_3,Enne_peak_0,Enne_peak_1,Enne_peak_2,Enne_peak_3,Mass,MassRes,Mean_bd_0,Mean_bd_1,Mean_bd_2,Mean_bd_3,Mean_bs_0,Mean_bs_1,Mean_bs_2,Mean_bs_3,Mean_peak_0,Mean_peak_1,Mean_peak_2,Mean_peak_3,N_bd_0,N_bd_1,N_bd_2,N_bd_3,N_bs_0,N_bs_1,N_bs_2,N_bs_3,N_bu_0,N_bu_1,N_bu_2,N_bu_3,N_comb_0,N_comb_1,N_comb_2,N_comb_3,N_peak_0,N_peak_1,N_peak_2,N_peak_3,N_semi_0,N_semi_1,N_semi_2,N_semi_3,PeeK_bd_0,PeeK_bd_1,PeeK_bd_2,PeeK_bd_3,PeeK_bs_0,PeeK_bs_1,PeeK_bs_2,PeeK_bs_3,ReducedMassRes,Sigma2_peak_0,Sigma2_peak_1,Sigma2_peak_2,Sigma2_peak_3,Sigma_peak_0,Sigma_peak_1,Sigma_peak_2,Sigma_peak_3,allcat,bdt,bdt_0,bdt_1,bdt_2,bdt_3,bdtcat,effratio_bd_0,effratio_bd_1,effratio_bd_2,effratio_bd_3,effratio_bs_0,effratio_bs_1,effratio_bs_2,effratio_bs_3,eta,etacat,exp_comb_0,exp_comb_1,exp_comb_2,exp_comb_3,fs_over_fu,m1eta,m2eta,one_over_BRBR,weight)

p.d.f.s
-------
RooCBShape::CB_bd_0 = 0.00939948
RooCBShape::CB_bd_1 = 0.00766624
RooCBShape::CB_bd_2 = 0.0090884
RooCBShape::CB_bd_3 = 0.00752515
RooCBShape::CB_bs_0 = 0.00662135
RooCBShape::CB_bs_1 = 0.00386137
RooCBShape::CB_bs_2 = 0.00568994
RooCBShape::CB_bs_3 = 0.00396301
RooCBShape::CB_peak_0 = 0.00172107
RooCBShape::CB_peak_1 = 0.00177181
RooCBShape::CB_peak_2 = 0.00169446
RooCBShape::CB_peak_3 = 0.00123353
RooGaussian::Gau_peak_0 = 0.18207
RooGaussian::Gau_peak_1 = 0.293599
RooGaussian::Gau_peak_2 = 0.136303
RooGaussian::Gau_peak_3 = 0.252902
RooGaussian::N_bu_gau_0[ x=N_bu_0 mean=71191 sigma=4107 ] = 1
RooGaussian::N_bu_gau_1[ x=N_bu_1 mean=21373 sigma=1080 ] = 1
RooGaussian::N_bu_gau_2[ x=N_bu_2 mean=308877 sigma=15461 ] = 1
RooGaussian::N_bu_gau_3[ x=N_bu_3 mean=69260 sigma=3475 ] = 1
RooLognormal::N_peak_gau_0[ x=N_peak_0 m0=0.598 k=1.71914 ] = 1.23126
RooLognormal::N_peak_gau_1[ x=N_peak_1 m0=0.238 k=1.71997 ] = 3.09092
RooLognormal::N_peak_gau_2[ x=N_peak_2 m0=1.288 k=1.73073 ] = 0.564656
RooLognormal::N_peak_gau_3[ x=N_peak_3 m0=0.402 k=1.72559 ] = 1.81901
RooGaussian::N_semi_gau_0[ x=N_semi_0 mean=30.68 sigma=26.168 ] = 1
RooGaussian::N_semi_gau_1[ x=N_semi_1 mean=9.72 sigma=7.95187 ] = 1
RooGaussian::N_semi_gau_2[ x=N_semi_2 mean=66.776 sigma=55.5584 ] = 1
RooGaussian::N_semi_gau_3[ x=N_semi_3 mean=16.264 sigma=12.8358 ] = 1
RooKeysPdf::ReducedMassRes_pdf_bd_0 = 154.659
RooKeysPdf::ReducedMassRes_pdf_bd_1 = 74.4673
RooKeysPdf::ReducedMassRes_pdf_bd_2 = 144.031
RooKeysPdf::ReducedMassRes_pdf_bd_3 = 102.427
RooKeysPdf::ReducedMassRes_pdf_bs_0 = 141.345
RooKeysPdf::ReducedMassRes_pdf_bs_1 = 77.0649
RooKeysPdf::ReducedMassRes_pdf_bs_2 = 142.879
RooKeysPdf::ReducedMassRes_pdf_bs_3 = 100.493
RooKeysPdf::ReducedMassRes_pdf_comb_0 = 123.899
RooKeysPdf::ReducedMassRes_pdf_comb_1 = 103.287
RooKeysPdf::ReducedMassRes_pdf_comb_2 = 144.882
RooKeysPdf::ReducedMassRes_pdf_comb_3 = 163.516
RooKeysPdf::ReducedMassRes_pdf_peak_0 = 134.259
RooKeysPdf::ReducedMassRes_pdf_peak_1 = 57.7961
RooKeysPdf::ReducedMassRes_pdf_peak_2 = 129.424
RooKeysPdf::ReducedMassRes_pdf_peak_3 = 68.1346
RooKeysPdf::ReducedMassRes_pdf_semi_0 = 138.003
RooKeysPdf::ReducedMassRes_pdf_semi_1 = 62.6346
RooKeysPdf::ReducedMassRes_pdf_semi_2 = 131.323
RooKeysPdf::ReducedMassRes_pdf_semi_3 = 69.7813
RooGaussian::effratio_gau_bd_0[ x=effratio_bd_0 mean=3.36735 sigma=0.409655 ] = 1
RooGaussian::effratio_gau_bd_1[ x=effratio_bd_1 mean=5.55556 sigma=0.640481 ] = 1
RooGaussian::effratio_gau_bd_2[ x=effratio_bd_2 mean=2.92683 sigma=0.25123 ] = 1
RooGaussian::effratio_gau_bd_3[ x=effratio_bd_3 mean=4.7619 sigma=0.417177 ] = 1
RooGaussian::effratio_gau_bs_0[ x=effratio_bs_0 mean=3.06122 sigma=0.372414 ] = 1
RooGaussian::effratio_gau_bs_1[ x=effratio_bs_1 mean=5.55556 sigma=0.640481 ] = 1
RooGaussian::effratio_gau_bs_2[ x=effratio_bs_2 mean=2.80488 sigma=0.240762 ] = 1
RooGaussian::effratio_gau_bs_3[ x=effratio_bs_3 mean=4.28571 sigma=0.375459 ] = 1
RooGaussian::fs_over_fu_gau[ x=fs_over_fu mean=0.256 sigma=0.025 ] = 0.907738
RooKeysPdf::keys_semi_0 = 1.01898
RooKeysPdf::keys_semi_1 = 1.03774
RooKeysPdf::keys_semi_2 = 0.956505
RooKeysPdf::keys_semi_3 = 0.939831
RooBernstein::mass_1comb_0[ x=Mass coefList=(B_1comb_0,B_2comb_0) ] = 0.5
RooBernstein::mass_1comb_1[ x=Mass coefList=(B_1comb_1,B_2comb_1) ] = 0.5
RooBernstein::mass_1comb_2[ x=Mass coefList=(B_1comb_2,B_2comb_2) ] = 0.5
RooBernstein::mass_1comb_3[ x=Mass coefList=(B_1comb_3,B_2comb_3) ] = 0.5
RooExponential::mass_comb_0 = 166.107
RooExponential::mass_comb_1 = 3.98617e+10
RooExponential::mass_comb_2 = 0.270409
RooExponential::mass_comb_3 = 0.000192266
RooAddPdf::mass_peak_0[ CoeffGauss_peak_0 * Gau_peak_0 + [%] * CB_peak_0 ] = 0.0329831
RooAddPdf::mass_peak_1[ CoeffGauss_peak_1 * Gau_peak_1 + [%] * CB_peak_1 ] = 0.0815307
RooAddPdf::mass_peak_2[ CoeffGauss_peak_2 * Gau_peak_2 + [%] * CB_peak_2 ] = 0.0263023
RooAddPdf::mass_peak_3[ CoeffGauss_peak_3 * Gau_peak_3 + [%] * CB_peak_3 ] = 0.0543695
RooGaussian::one_over_BRBR_gau[ x=one_over_BRBR mean=16597.8 sigma=564.655 ] = 1
RooProdPdf::pdf_1comb_0[ ReducedMassRes_pdf_comb_0 * mass_1comb_0(Mass) ] = 61.9494
RooProdPdf::pdf_1comb_1[ ReducedMassRes_pdf_comb_1 * mass_1comb_1(Mass) ] = 51.6437
RooProdPdf::pdf_1comb_2[ ReducedMassRes_pdf_comb_2 * mass_1comb_2(Mass) ] = 72.4412
RooProdPdf::pdf_1comb_3[ ReducedMassRes_pdf_comb_3 * mass_1comb_3(Mass) ] = 81.7579
RooProdPdf::pdf_bd_0 = 1.45372
RooProdPdf::pdf_bd_1 = 0.570884
RooProdPdf::pdf_bd_2 = 1.30901
RooProdPdf::pdf_bd_3 = 0.770778
RooProdPdf::pdf_bs_0 = 0.935898
RooProdPdf::pdf_bs_1 = 0.297577
RooProdPdf::pdf_bs_2 = 0.812976
RooProdPdf::pdf_bs_3 = 0.398256
RooProdPdf::pdf_comb_0 = 20580.4
RooProdPdf::pdf_comb_1 = 4.11721e+12
RooProdPdf::pdf_comb_2 = 39.1776
RooProdPdf::pdf_comb_3 = 0.0314386
RooProdPdf::pdf_constraints_0[ N_bu_gau_0 * fs_over_fu_gau * effratio_gau_bs_0 * one_over_BRBR_gau * N_peak_gau_0 * N_semi_gau_0 * effratio_gau_bd_0 ] = 1.11766
RooProdPdf::pdf_constraints_1[ N_bu_gau_1 * fs_over_fu_gau * effratio_gau_bs_1 * one_over_BRBR_gau * N_peak_gau_1 * N_semi_gau_1 * effratio_gau_bd_1 ] = 2.80574
RooProdPdf::pdf_constraints_2[ N_bu_gau_2 * fs_over_fu_gau * effratio_gau_bs_2 * one_over_BRBR_gau * N_peak_gau_2 * N_semi_gau_2 * effratio_gau_bd_2 ] = 0.512559
RooProdPdf::pdf_constraints_3[ N_bu_gau_3 * fs_over_fu_gau * effratio_gau_bs_3 * one_over_BRBR_gau * N_peak_gau_3 * N_semi_gau_3 * effratio_gau_bd_3 ] = 1.65119
RooSimultaneous::pdf_ext_simul[ indexCat=etacat etacat_0=pdf_ext_total_0 etacat_1=pdf_ext_total_1 etacat_2=pdf_ext_total_2 etacat_3=pdf_ext_total_3 ] = 27.9007
RooSimultaneous::pdf_ext_simul_noconstr[ indexCat=etacat etacat_0=pdf_ext_sum_0 etacat_1=pdf_ext_sum_1 etacat_2=pdf_ext_sum_2 etacat_3=pdf_ext_sum_3 ] = 54.434
RooAddPdf::pdf_ext_sum_0[ N_bs_formula_0 * pdf_bs_0 + N_bd_formula_0 * pdf_bd_0 + N_comb_0 * pdf_1comb_0 + N_semi_0 * pdf_semi_0 + N_peak_0 * pdf_peak_0 ] = 124.27
RooAddPdf::pdf_ext_sum_1[ N_bs_formula_1 * pdf_bs_1 + N_bd_formula_1 * pdf_bd_1 + N_comb_1 * pdf_1comb_1 + N_semi_1 * pdf_semi_1 + N_peak_1 * pdf_peak_1 ] = 52.8386
RooAddPdf::pdf_ext_sum_2[ N_bs_formula_2 * pdf_bs_2 + N_bd_formula_2 * pdf_bd_2 + N_comb_2 * pdf_1comb_2 + N_semi_2 * pdf_semi_2 + N_peak_2 * pdf_peak_2 ] = 95.2465
RooAddPdf::pdf_ext_sum_3[ N_bs_formula_3 * pdf_bs_3 + N_bd_formula_3 * pdf_bd_3 + N_comb_3 * pdf_1comb_3 + N_semi_3 * pdf_semi_3 + N_peak_3 * pdf_peak_3 ] = 57.505
RooProdPdf::pdf_ext_total_0[ pdf_ext_sum_0 * pdf_constraints_0 ] = 138.891
RooProdPdf::pdf_ext_total_1[ pdf_ext_sum_1 * pdf_constraints_1 ] = 148.251
RooProdPdf::pdf_ext_total_2[ pdf_ext_sum_2 * pdf_constraints_2 ] = 48.8195
RooProdPdf::pdf_ext_total_3[ pdf_ext_sum_3 * pdf_constraints_3 ] = 94.9514
RooProdPdf::pdf_peak_0 = 4.4283
RooProdPdf::pdf_peak_1 = 4.71215
RooProdPdf::pdf_peak_2 = 3.40414
RooProdPdf::pdf_peak_3 = 3.70444
RooProdPdf::pdf_semi_0 = 140.623
RooProdPdf::pdf_semi_1 = 64.9983
RooProdPdf::pdf_semi_2 = 125.611
RooProdPdf::pdf_semi_3 = 65.5826

functions
--------
RooFormulaVar::B_2comb_0[ actualVars=(B_1comb_0) formula="1.-@0" ] = 0.5
RooFormulaVar::B_2comb_1[ actualVars=(B_1comb_1) formula="1.-@0" ] = 0.5
RooFormulaVar::B_2comb_2[ actualVars=(B_1comb_2) formula="1.-@0" ] = 0.5
RooFormulaVar::B_2comb_3[ actualVars=(B_1comb_3) formula="1.-@0" ] = 0.5
RooFormulaVar::N_bd_formula_0 = 0.397891
RooFormulaVar::N_bd_formula_1 = 0.197081
RooFormulaVar::N_bd_formula_2 = 1.5005
RooFormulaVar::N_bd_formula_3 = 0.547413
RooFormulaVar::N_bs_formula_0 = 3.09053
RooFormulaVar::N_bs_formula_1 = 1.68386
RooFormulaVar::N_bs_formula_2 = 12.2861
RooFormulaVar::N_bs_formula_3 = 4.20938
RooFormulaVar::N_comb2_0[ actualVars=(N_comb_0) formula="@0*@0" ] = 0
RooFormulaVar::N_comb2_1[ actualVars=(N_comb_1) formula="@0*@0" ] = 44.4489
RooFormulaVar::N_comb2_2[ actualVars=(N_comb_2) formula="@0*@0" ] = 711.129
RooFormulaVar::N_comb2_3[ actualVars=(N_comb_3) formula="@0*@0" ] = 44.4489
RooFormulaVar::SigmaRes_bd_0 = 0.0465206
RooFormulaVar::SigmaRes_bd_1 = 0.0466648
RooFormulaVar::SigmaRes_bd_2 = 0.0454477
RooFormulaVar::SigmaRes_bd_3 = 0.0448206
RooFormulaVar::SigmaRes_bs_0 = 0.0442338
RooFormulaVar::SigmaRes_bs_1 = 0.0456849
RooFormulaVar::SigmaRes_bs_2 = 0.0453494
RooFormulaVar::SigmaRes_bs_3 = 0.0455367

category functions
------------------
RooSuperCategory::super_cat = {etacat_2;bdtcat_-1}(idx = 2)


generic objects
---------------
RooFormulaVar::
RooFormulaVar::
RooFormulaVar::
RooFormulaVar::

done
>>>>>>>>>>>>>> input/estimates_5_20_semi.txt
event estimates in input/estimates_5_20_semi.txt :
semi[0]: 3.8
semi[1]: 2.5
semi[2]: 18.5
semi[3]: 2.6
[1;31mmaking pdf[0m
constrain set: RooArgSet:: = (fs_over_fu,one_over_BRBR,N_bu_0,effratio_bs_0,N_peak_0,N_semi_0,effratio_bd_0,N_bu_1,effratio_bs_1,N_peak_1,N_semi_1,effratio_bd_1,N_bu_2,effratio_bs_2,N_peak_2,N_semi_2,effratio_bd_2,N_bu_3,effratio_bs_3,N_peak_3,N_semi_3,effratio_bd_3)
used estimates
canale bs bd peak semi comb
0  3.44787 0.397891 0.598 3.8 0
 0.430048 26.168 0.4

1  1.87856 0.197081 0.238 2.5 6.667
 0.171353 7.95187 5.48447

2  13.7066 1.5005 1.288 18.5 26.667
 0.941179 55.5584 11.2086

3  4.69609 0.547413 0.402 2.6 6.667
 0.291686 12.8358 5.48447

Bs BF estimated = 3.57e-09
[1;31mdefining dataset[0m
opening input/2011/small-SgData-unblinded.root
opening input/2012/small-SgData-unblinded.root
[1;31mmaking dataset[0m
total events = 99524
 entries = 23
[1;31mmaking dataset[0m
total events = 322571
 entries = 97
gaussian constraints
RooGaussian::N_bu_gau_0[ x=N_bu_0 mean=71191 sigma=4107 ] = 1
RooGaussian::fs_over_fu_gau[ x=fs_over_fu mean=0.256 sigma=0.025 ] = 0.907738
RooGaussian::effratio_gau_bs_0[ x=effratio_bs_0 mean=3.06122 sigma=0.372414 ] = 1
RooGaussian::one_over_BRBR_gau[ x=one_over_BRBR mean=16597.8 sigma=564.655 ] = 1
RooLognormal::N_peak_gau_0[ x=N_peak_0 m0=0.598 k=1.71914 ] = 1.23126
RooGaussian::N_semi_gau_0[ x=N_semi_0 mean=30.68 sigma=26.168 ] = 0.590032
RooGaussian::effratio_gau_bd_0[ x=effratio_bd_0 mean=3.36735 sigma=0.409655 ] = 1
RooGaussian::N_bu_gau_1[ x=N_bu_1 mean=21373 sigma=1080 ] = 1
RooGaussian::effratio_gau_bs_1[ x=effratio_bs_1 mean=5.55556 sigma=0.640481 ] = 1
RooLognormal::N_peak_gau_1[ x=N_peak_1 m0=0.238 k=1.71997 ] = 3.09092
RooGaussian::N_semi_gau_1[ x=N_semi_1 mean=9.72 sigma=7.95187 ] = 0.662193
RooGaussian::effratio_gau_bd_1[ x=effratio_bd_1 mean=5.55556 sigma=0.640481 ] = 1
RooGaussian::N_bu_gau_2[ x=N_bu_2 mean=308877 sigma=15461 ] = 1
RooGaussian::effratio_gau_bs_2[ x=effratio_bs_2 mean=2.80488 sigma=0.240762 ] = 1
RooLognormal::N_peak_gau_2[ x=N_peak_2 m0=1.288 k=1.73073 ] = 0.564656
RooGaussian::N_semi_gau_2[ x=N_semi_2 mean=66.776 sigma=55.5584 ] = 0.685564
RooGaussian::effratio_gau_bd_2[ x=effratio_bd_2 mean=2.92683 sigma=0.25123 ] = 1
RooGaussian::N_bu_gau_3[ x=N_bu_3 mean=69260 sigma=3475 ] = 1
RooGaussian::effratio_gau_bs_3[ x=effratio_bs_3 mean=4.28571 sigma=0.375459 ] = 1
RooLognormal::N_peak_gau_3[ x=N_peak_3 m0=0.402 k=1.72559 ] = 1.81901
RooGaussian::N_semi_gau_3[ x=N_semi_3 mean=16.264 sigma=12.8358 ] = 0.567448
RooGaussian::effratio_gau_bd_3[ x=effratio_bd_3 mean=4.7619 sigma=0.417177 ] = 1
[1;31m>>>>>>>>>>>>>>>>> fitting global_data in range all with pdf_ext_simul[0m
RooDataSet::global_data[Mass,ReducedMassRes,etacat,bdt_0,bdt_1,bdt_2,bdt_3] = 97 entries
RooSimultaneous::pdf_ext_simul[ indexCat=etacat etacat_0=pdf_ext_total_0 etacat_1=pdf_ext_total_1 etacat_2=pdf_ext_total_2 etacat_3=pdf_ext_total_3 ] = 15.5923
 **********
 **    9 **SET STR           2
 **********
 NOW USING STRATEGY  2: MAKE SURE MINIMUM TRUE, ERRORS CORRECT  
 **********
 **   14 **MIGRAD     1.6e+04           1
 **********
 FIRST CALL TO USER FUNCTION AT NEW START POINT, WITH IFLAG=4.
 MINUIT WARNING IN MIGrad    
 ============== VARIABLE11 IS AT ITS LOWER ALLOWED LIMIT.
 START MIGRAD MINIMIZATION.  STRATEGY  2.  CONVERGENCE WHEN EDM .LT. 1.00e-03
 EIGENVALUES OF SECOND-DERIVATIVE MATRIX:
        -4.4597e+02 -4.3530e-01  1.8247e-01  2.7160e-01  3.0396e-01  7.0923e-01  9.0147e-01  9.5684e-01  9.7063e-01  9.7802e-01  9.8154e-01  9.8519e-01  9.9348e-01  9.9392e-01  9.9596e-01  9.9684e-01  9.9789e-01  9.9966e-01  9.9975e-01  1.0008e+00  1.0028e+00  1.0129e+00  1.0160e+00  1.1481e+00  1.1975e+00  1.2090e+00  1.2520e+00  1.3567e+00  1.5021e+00  1.5197e+00  3.0023e+00  4.4797e+02
 MINUIT WARNING IN HESSE   
 ============== MATRIX FORCED POS-DEF BY ADDING 446.421222 TO DIAGONAL.
 FCN=-557.337 FROM HESSE     STATUS=NOT POSDEF    715 CALLS         716 TOTAL
                     EDM=3.05862    STRATEGY= 2      ERR MATRIX NOT POS-DEF
  EXT PARAMETER                APPROXIMATE        STEP         FIRST   
  NO.   NAME      VALUE            ERROR          SIZE      DERIVATIVE 
   1  BF_bd        1.00000e-10   1.81597e-11   1.92124e-01  -1.01238e+01
   2  BF_bs        3.57000e-09   4.26320e-11   9.81827e-02  -8.89744e-01
   3  B_1comb_0    5.00000e-01   5.31048e-01   5.00000e-01  -3.49935e-03
   4  B_1comb_1    5.00000e-01   1.39194e-02   3.07030e-01   7.83304e-01
   5  B_1comb_2    5.00000e-01   8.99857e-03   1.98612e-01   4.84211e-01
   6  B_1comb_3    5.00000e-01   1.45053e-02   3.18794e-01  -5.62739e-02
   7  N_bu_0       7.11910e+04   1.93199e+02   2.53485e-03  -3.39678e+00
   8  N_bu_1       2.13730e+04   5.10007e+01   2.37238e-03  -1.11076e+00
   9  N_bu_2       3.08877e+05   7.22526e+02   1.21671e-02  -5.77995e-01
  10  N_bu_3       6.92600e+04   1.63515e+02   2.36397e-03   1.28269e+00
  11  N_comb_0     9.53674e-03   3.90701e+00   1.86004e-02   1.04033e+00
  12  N_comb_1     6.66700e+00   1.47441e-01   6.30854e-03  -5.35938e+00
  13  N_comb_2     2.66670e+01   3.19458e-01   6.83941e-03   3.87754e+01
  14  N_comb_3     6.66700e+00   1.44891e-01   6.19943e-03  -1.85019e+01
  15  N_peak_0     5.98000e-01   1.62935e-02   7.43498e-03   2.43550e+01
  16  N_peak_1     2.38000e-01   6.48856e-03   4.69329e-03   6.91317e+01
  17  N_peak_2     1.28800e+00   3.54835e-02   1.10411e-02   2.42423e+01
  18  N_peak_3     4.02000e-01   1.09573e-02   6.09781e-03   5.66391e+01
  19  N_semi_0     3.80000e+00   1.00856e-01   5.37939e-03  -5.13851e+01
  20  N_semi_1     2.50000e+00   1.17105e-01   8.12822e-03  -1.34136e+01
  21  N_semi_2     1.85000e+01   2.78673e-01   7.16100e-03  -5.35458e+00
  22  N_semi_3     2.60000e+00   1.34478e-01   9.17136e-03   2.69966e+01
  23  effratio_bd_0   3.36735e+00   1.93439e-02   5.74686e-02  -6.31026e-01
  24  effratio_bd_1   5.55556e+00   3.02927e-02   5.60368e-02   5.96404e-03
  25  effratio_bd_2   2.92683e+00   1.18714e-02   5.21447e-02  -3.93474e-01
  26  effratio_bd_3   4.76190e+00   1.97273e-02   5.21829e-02   6.54743e-03
  27  effratio_bs_0   3.06122e+00   1.71772e-02   5.61375e-02  -1.01325e+00
  28  effratio_bs_1   5.55556e+00   3.00604e-02   5.56077e-02  -5.65278e-01
  29  effratio_bs_2   2.80488e+00   1.10484e-02   5.06414e-02   1.59720e-01
  30  effratio_bs_3   4.28571e+00   1.75830e-02   5.16792e-02   5.22213e-01
  31  fs_over_fu   2.67000e-01   5.81017e-04   2.56554e-02   1.69792e+01
  32  one_over_BRBR   1.65978e+04   1.33136e+01   2.60279e-02  -5.71688e-01
                               ERR DEF= 0.5
 MIGRAD MINIMIZATION HAS CONVERGED.
 MIGRAD WILL VERIFY CONVERGENCE AND ERROR MATRIX.
 MINUIT WARNING IN HESSE   
 ============== Negative diagonal element 3 in Error Matrix
 MINUIT WARNING IN HESSE   
 ============== 1.00002 added to diagonal of error matrix
 COVARIANCE MATRIX CALCULATED SUCCESSFULLY
 FCN=-562.025 FROM HESSE     STATUS=OK            627 CALLS        4229 TOTAL
                     EDM=0.00943383    STRATEGY= 2      ERROR MATRIX ACCURATE 
  EXT PARAMETER                                   STEP         FIRST   
  NO.   NAME      VALUE            ERROR          SIZE      DERIVATIVE 
   1  BF_bd        4.17297e-10   2.12550e-10   1.62201e-03  -8.91524e-03
   2  BF_bs        3.60677e-09   9.99616e-10   3.18152e-03   3.39800e-02
   3  B_1comb_0    3.18184e-02   2.15222e-01   5.00000e-01  -6.28257e-06
   4  B_1comb_1    6.41542e-03   1.81208e-01   2.99110e-02  -4.28709e-02
   5  B_1comb_2    3.78254e-03   1.61824e-01   2.30796e-02   5.49033e-02
   6  B_1comb_3    6.31880e-01   2.08321e-01   8.14977e-03  -5.49765e-02
   7  N_bu_0       7.14887e+04   4.07623e+03   4.09657e-04   3.93585e-01
   8  N_bu_1       2.13941e+04   1.07744e+03   3.86809e-04  -1.37362e-01
   9  N_bu_2       3.09104e+05   1.53455e+04   3.79452e-04   4.20815e-01
  10  N_bu_3       6.89862e+04   3.46407e+03   3.86354e-04   2.00241e-01
  11  N_comb_0     6.30888e-05   8.55229e-01   2.99297e-04** at limit **
  12  N_comb_1     4.35255e+00   2.45765e+00   1.90129e-04   3.55736e+00
  13  N_comb_2     1.41590e+01   4.57740e+00   1.94575e-04   8.03125e-01
  14  N_comb_3     8.66647e+00   3.24825e+00   1.79134e-04  -2.82689e+00
  15  N_peak_0     4.54672e-01   2.46363e-01   1.88714e-04   3.85759e+00
  16  N_peak_1     1.76054e-01   9.48778e-02   1.17296e-04   2.31397e+00
  17  N_peak_2     9.29672e-01   5.01815e-01   2.69562e-04   3.84715e-01
  18  N_peak_3     2.86700e-01   1.53266e-01   1.48612e-04   2.40720e-02
  19  N_semi_0     4.55268e+00   2.42420e+00   1.85105e-04  -1.52874e+00
  20  N_semi_1     4.89058e+00   2.48688e+00   1.82333e-04   7.99968e-01
  21  N_semi_2     2.57921e+01   6.01543e+00   1.87874e-04   9.06789e-01
  22  N_semi_3     1.24976e-02   2.58490e+00   5.13157e-04  -2.15077e+00
  23  effratio_bd_0   3.39355e+00   4.03199e-01   1.78835e-03   4.59251e-02
  24  effratio_bd_1   5.54635e+00   6.35064e-01   1.75687e-03  -4.73129e-02
  25  effratio_bd_2   2.92857e+00   2.48570e-01   1.62334e-03  -1.78922e-02
  26  effratio_bd_3   4.74305e+00   4.14032e-01   1.63437e-03  -6.03927e-03
  27  effratio_bs_0   3.09279e+00   3.62388e-01   1.76300e-03   1.12368e-01
  28  effratio_bs_1   5.59309e+00   6.31254e-01   1.74396e-03  -2.08946e-02
  29  effratio_bs_2   2.80781e+00   2.36156e-01   1.58789e-03   1.27367e-01
  30  effratio_bs_3   4.25066e+00   3.71452e-01   1.62669e-03   8.35135e-02
  31  fs_over_fu   2.55329e-01   1.24733e-02   8.05522e-04  -1.04676e+00
  32  one_over_BRBR   1.65998e+04   2.81840e+02   8.16046e-04   1.45889e-01
                               ERR DEF= 0.5
 MIGRAD MINIMIZATION HAS CONVERGED.
 MIGRAD WILL VERIFY CONVERGENCE AND ERROR MATRIX.
 MINUIT WARNING IN HESSE   
 ============== Negative diagonal element 3 in Error Matrix
 MINUIT WARNING IN HESSE   
 ============== 1 added to diagonal of error matrix
 COVARIANCE MATRIX CALCULATED SUCCESSFULLY
 FCN=-562.039 FROM MIGRAD    STATUS=CONVERGED    5067 CALLS        5068 TOTAL
                     EDM=3.15396e-05    STRATEGY= 2      ERROR MATRIX ACCURATE 
  EXT PARAMETER                                   STEP         FIRST   
  NO.   NAME      VALUE            ERROR          SIZE      DERIVATIVE 
   1  BF_bd        4.18367e-10   2.12667e-10   1.61982e-03   7.72856e-04
   2  BF_bs        3.59773e-09   9.97198e-10   3.17346e-03   1.51473e-03
   3  B_1comb_0    3.18200e-02   5.33763e-01   5.00000e-01  -1.21929e-09
   4  B_1comb_1    4.31323e-05   1.82104e-01   3.03843e-02  -3.75335e-03
   5  B_1comb_2    2.09821e-05   1.63363e-01   2.42990e-02  -4.06361e-03
   6  B_1comb_3    6.39594e-01   2.07017e-01   8.14157e-03   2.09823e-03
   7  N_bu_0       7.14495e+04   4.07710e+03   4.09987e-04   5.52795e-03
   8  N_bu_1       2.13984e+04   1.07732e+03   3.86695e-04  -2.12931e-03
   9  N_bu_2       3.08970e+05   1.53484e+04   3.79764e-04   4.90157e-03
  10  N_bu_3       6.89663e+04   3.46454e+03   3.86503e-04   4.83690e-03
  11  N_comb_0     1.23418e-08   8.54199e-01   3.02787e-04** at limit **
  12  N_comb_1     4.23594e+00   2.40207e+00   1.89301e-04   4.12621e-02
  13  N_comb_2     1.40938e+01   4.52664e+00   1.94364e-04   1.17025e-01
  14  N_comb_3     8.78481e+00   3.26773e+00   1.79095e-04   1.35789e-01
  15  N_peak_0     4.43864e-01   2.39111e-01   1.85647e-04   1.79600e-02
  16  N_peak_1     1.74547e-01   9.38745e-02   1.16367e-04   2.97813e-02
  17  N_peak_2     9.26707e-01   4.99870e-01   2.68343e-04   5.12781e-03
  18  N_peak_3     2.86600e-01   1.53190e-01   1.48206e-04   8.16793e-03
  19  N_semi_0     4.59785e+00   2.43942e+00   1.85234e-04  -2.13375e-02
  20  N_semi_1     4.89663e+00   2.47502e+00   1.81869e-04   1.54233e-02
  21  N_semi_2     2.57663e+01   5.98516e+00   1.87603e-04  -5.66405e-02
  22  N_semi_3     5.29110e-06   2.44015e+00   5.12848e-04** at limit **
  23  effratio_bd_0   3.39156e+00   4.03194e-01   1.78842e-03   7.83567e-04
  24  effratio_bd_1   5.54981e+00   6.35042e-01   1.75674e-03  -8.19286e-04
  25  effratio_bd_2   2.92908e+00   2.48564e-01   1.62323e-03  -5.56039e-04
  26  effratio_bd_3   4.74295e+00   4.14040e-01   1.63438e-03   3.61200e-04
  27  effratio_bs_0   3.08843e+00   3.62393e-01   1.76331e-03   1.91519e-03
  28  effratio_bs_1   5.59544e+00   6.31193e-01   1.74382e-03  -3.86056e-04
  29  effratio_bs_2   2.80519e+00   2.36134e-01   1.58777e-03   1.98122e-03
  30  effratio_bs_3   4.24720e+00   3.71471e-01   1.62677e-03   1.87634e-03
  31  fs_over_fu   2.55990e-01   1.24720e-02   8.05450e-04  -1.49836e-02
  32  one_over_BRBR   1.65979e+04   2.81839e+02   8.16049e-04   2.34761e-03
                               ERR DEF= 0.5
 EXTERNAL ERROR MATRIX.    NDIM= 178    NPAR= 32    ERR DEF=0.5
 ELEMENTS ABOVE DIAGONAL ARE NOT PRINTED.
  4.540e-20 
 -5.016e-20  1.009e-18 
 -2.495e-17 -1.844e-16  3.081e-02 
 -3.062e-17 -3.388e-16  1.026e-13  3.354e-05 
 -4.955e-17 -5.898e-16  1.663e-13  2.955e-13  1.453e-05 
 -1.319e-12 -2.048e-12  1.540e-09  2.321e-09  3.915e-09  4.581e-02 
 -1.548e-08 -1.480e-07 -2.288e-04  7.758e-05  1.330e-04  1.084e+00  1.663e+07 
 -2.118e-09 -8.909e-09  3.769e-06 -9.923e-05  1.023e-05  1.048e-01  2.751e+03  1.161e+06 
 -1.522e-07 -1.514e-06  4.730e-04  7.867e-04 -1.215e-03  1.088e+01  3.549e+05  2.777e+04  2.356e+08 
 -2.161e-08 -1.230e-07  4.589e-05  7.435e-05  1.270e-04 -3.685e+00  3.385e+04  2.815e+03  3.423e+05  1.201e+07 
 -1.327e-17 -9.811e-17  7.928e-08  5.460e-14  9.404e-14  8.189e-10 -1.217e-04  2.006e-06  2.516e-04  2.442e-05  4.217e-08 
 -1.029e-11 -1.462e-10  4.211e-08  1.552e-05  1.220e-07  9.038e-04  3.189e+01 -4.074e+01  3.237e+02  3.017e+01  2.240e-08 
 -1.029e-11 -1.462e-10  4.211e-08  1.552e-05  1.220e-07  9.038e-04  3.189e+01 -4.074e+01  3.237e+02  3.017e+01  2.240e-08  5.770e+00 
 -3.295e-11 -3.892e-10  1.166e-07  1.953e-07  4.655e-05  2.592e-03  8.791e+01  6.768e+00 -8.029e+02  8.395e+01  6.203e-08 
 -3.295e-11 -3.892e-10  1.166e-07  1.953e-07  4.655e-05  2.592e-03  8.791e+01  6.768e+00 -8.029e+02  8.395e+01  6.203e-08  8.063e-02  2.049e+01 
 -5.206e-11 -1.988e-10  8.806e-08  1.395e-07  2.374e-07  3.331e-02  6.401e+01  5.585e+00  6.458e+02 -2.184e+02  4.683e-08 
 -5.206e-11 -1.988e-10  8.806e-08  1.395e-07  2.374e-07  3.331e-02  6.401e+01  5.585e+00  6.458e+02 -2.184e+02  4.683e-08  5.593e-02  1.570e-01  1.068e+01 
 -2.622e-12  1.484e-12 -6.166e-09  2.356e-09  3.877e-09  8.179e-05 -6.048e+00  1.401e-01  1.144e+01  1.480e+00 -3.279e-09 
 -2.622e-12  1.484e-12 -6.166e-09  2.356e-09  3.877e-09  8.179e-05 -6.048e+00  1.401e-01  1.144e+01  1.480e+00 -3.279e-09  8.423e-04  2.574e-03  3.413e-03  5.718e-02 
 -6.672e-14 -3.637e-13  1.378e-10 -2.969e-09  3.807e-10  3.621e-06  1.016e-01 -1.305e-01  1.027e+00  1.020e-01  7.341e-11 
 -6.672e-14 -3.637e-13  1.378e-10 -2.969e-09  3.807e-10  3.621e-06  1.016e-01 -1.305e-01  1.027e+00  1.020e-01  7.341e-11 -1.197e-03  2.518e-04  1.992e-04  4.545e-06  8.813e-03 
 -6.546e-12  1.536e-12  4.934e-09  6.763e-09 -1.358e-08  2.125e-04  3.272e+00  3.765e-01 -3.394e+01  4.043e+00  2.624e-09 
 -6.546e-12  1.536e-12  4.934e-09  6.763e-09 -1.358e-08  2.125e-04  3.272e+00  3.765e-01 -3.394e+01  4.043e+00  2.624e-09  2.475e-03 -1.164e-02  9.129e-03  3.875e-04  1.238e-05  2.499e-01 
 -3.110e-13 -4.601e-13  3.581e-10  5.381e-10  9.069e-10 -1.318e-04  2.514e-01  2.443e-02  2.524e+00 -8.550e-01  1.903e-10 
 -3.110e-13 -4.601e-13  3.581e-10  5.381e-10  9.069e-10 -1.318e-04  2.514e-01  2.443e-02  2.524e+00 -8.550e-01  1.903e-10  2.092e-04  6.005e-04 -4.671e-03  1.925e-05  8.428e-07  4.996e-05  2.347e-02 
 -4.573e-11 -5.559e-11 -8.757e-07  7.419e-08  1.249e-07  1.739e-03 -1.756e+02  3.445e+00  3.490e+02  3.888e+01 -4.656e-07 
 -4.573e-11 -5.559e-11 -8.757e-07  7.419e-08  1.249e-07  1.739e-03 -1.756e+02  3.445e+00  3.490e+02  3.888e+01 -4.656e-07  2.869e-02  8.270e-02  8.234e-02 -1.660e-02  1.182e-04  7.271e-03  4.074e-04  5.951e+00 
 -1.230e-11 -7.519e-11  2.733e-08 -1.327e-05  7.592e-08  6.987e-04  2.020e+01 -2.592e+01  2.043e+02  2.011e+01  1.453e-08 
 -1.230e-11 -7.519e-11  2.733e-08 -1.327e-05  7.592e-08  6.987e-04  2.020e+01 -2.592e+01  2.043e+02  2.011e+01  1.453e-08 -6.441e-01  5.019e-02  3.900e-02  8.507e-04 -1.970e-03  2.334e-03  1.625e-04  2.273e-02  6.126e+00 
 -2.195e-10 -2.103e-10  2.260e-07  3.331e-07 -4.189e-05  8.129e-03  1.568e+02  1.584e+01 -1.554e+03  1.775e+02  1.202e-07 
 -2.195e-10 -2.103e-10  2.260e-07  3.331e-07 -4.189e-05  8.129e-03  1.568e+02  1.584e+01 -1.554e+03  1.775e+02  1.202e-07  1.280e-01 -3.249e+00  3.793e-01  1.340e-02  5.401e-04 -6.702e-02  1.905e-03  2.742e-01  1.036e-01  3.582e+01 
 -2.695e-16  2.260e-15 -2.688e-13 -5.973e-13 -1.082e-12 -1.139e-05 -2.605e-04 -1.146e-05 -2.688e-03  9.023e-04 -1.615e-13 
 -2.695e-16  2.260e-15 -2.688e-13 -5.973e-13 -1.082e-12 -1.139e-05 -2.605e-04 -1.146e-05 -2.688e-03  9.023e-04 -1.615e-13 -2.753e-07 -7.130e-07 -2.422e-04  1.251e-08 -5.387e-10  2.660e-08 -2.344e-08  4.431e-08 -1.166e-07  3.331e-07  5.165e-05 
 -3.835e-12  1.682e-12 -1.374e-08  3.644e-09  6.015e-09  1.215e-04 -9.191e+00  2.110e-01  1.763e+01  2.243e+00 -7.306e-09 
 -3.835e-12  1.682e-12 -1.374e-08  3.644e-09  6.015e-09  1.215e-04 -9.191e+00  2.110e-01  1.763e+01  2.243e+00 -7.306e-09  1.316e-03  3.991e-03  5.129e-03 -9.866e-04  6.881e-06  5.698e-04  2.858e-05 -1.897e-02  1.291e-03  1.985e-02  1.725e-08 
 -3.835e-12  1.682e-12 -1.374e-08  3.644e-09  6.015e-09  1.215e-04 -9.191e+00  2.110e-01  1.763e+01  2.243e+00 -7.306e-09  1.316e-03  3.991e-03  5.129e-03 -9.866e-04  6.881e-06  5.698e-04  2.858e-05 -1.897e-02  1.291e-03  1.985e-02  1.725e-08  1.632e-01 
 -1.574e-12 -2.632e-12  1.879e-09 -3.168e-08  4.803e-09  6.261e-05  1.327e+00 -1.716e+00  1.333e+01  1.453e+00  1.000e-09 
 -1.574e-12 -2.632e-12  1.879e-09 -3.168e-08  4.803e-09  6.261e-05  1.327e+00 -1.716e+00  1.333e+01  1.453e+00  1.000e-09 -1.169e-02  3.180e-03  3.035e-03  9.789e-05 -5.689e-05  2.548e-04  1.465e-05  2.097e-03 -1.075e-02  9.793e-03 -6.901e-12 
 -1.574e-12 -2.632e-12  1.879e-09 -3.168e-08  4.803e-09  6.261e-05  1.327e+00 -1.716e+00  1.333e+01  1.453e+00  1.000e-09 -1.169e-02  3.180e-03  3.035e-03  9.789e-05 -5.689e-05  2.548e-04  1.465e-05  2.097e-03 -1.075e-02  9.793e-03 -6.901e-12  1.455e-04  4.048e-01 
 -4.581e-12  5.770e-13  3.567e-09  4.934e-09 -8.566e-09  1.506e-04  2.380e+00  2.696e-01 -2.429e+01  2.909e+00  1.898e-09 
 -4.581e-12  5.770e-13  3.567e-09  4.934e-09 -8.566e-09  1.506e-04  2.380e+00  2.696e-01 -2.429e+01  2.909e+00  1.898e-09  1.818e-03 -5.677e-03  6.527e-03  2.719e-04  8.903e-06 -6.617e-04  3.540e-05  5.146e-03  1.681e-03 -2.371e-02  1.755e-08 
 -4.581e-12  5.770e-13  3.567e-09  4.934e-09 -8.566e-09  1.506e-04  2.380e+00  2.696e-01 -2.429e+01  2.909e+00  1.898e-09  1.818e-03 -5.677e-03  6.527e-03  2.719e-04  8.903e-06 -6.617e-04  3.540e-05  5.146e-03  1.681e-03 -2.371e-02  1.755e-08  4.002e-04  1.807e-04  6.199e-02 
 -3.703e-12 -1.003e-12  3.224e-09  4.586e-09  7.653e-09 -3.818e-04  2.188e+00  2.359e-01  2.184e+01 -7.386e+00  1.715e-09 
 -3.703e-12 -1.003e-12  3.224e-09  4.586e-09  7.653e-09 -3.818e-04  2.188e+00  2.359e-01  2.184e+01 -7.386e+00  1.715e-09  1.722e-03  5.073e-03 -1.660e-02  2.221e-04  7.898e-06  5.667e-04 -8.978e-05  4.330e-03  1.501e-03  2.047e-02 -4.340e-08 
 -3.703e-12 -1.003e-12  3.224e-09  4.586e-09  7.653e-09 -3.818e-04  2.188e+00  2.359e-01  2.184e+01 -7.386e+00  1.715e-09  1.722e-03  5.073e-03 -1.660e-02  2.221e-04  7.898e-06  5.667e-04 -8.978e-05  4.330e-03  1.501e-03  2.047e-02 -4.340e-08  3.276e-04  1.531e-04  3.994e-04  1.720e-01 
  5.771e-13 -2.920e-11 -3.032e-08  1.121e-08  1.944e-08  9.271e-05 -2.348e+01  3.236e-01  5.043e+01  4.301e+00 -1.613e-08 
  5.771e-13 -2.920e-11 -3.032e-08  1.121e-08  1.944e-08  9.271e-05 -2.348e+01  3.236e-01  5.043e+01  4.301e+00 -1.613e-08  4.774e-03  1.283e-02  7.329e-03 -2.366e-04  1.278e-05  9.609e-05  2.115e-05 -1.563e-02  2.609e-03  1.137e-02 -6.436e-08 
  5.771e-13 -2.920e-11 -3.032e-08  1.121e-08  1.944e-08  9.271e-05 -2.348e+01  3.236e-01  5.043e+01  4.301e+00 -1.613e-08  4.774e-03  1.283e-02  7.329e-03 -2.366e-04  1.278e-05  9.609e-05  2.115e-05 -1.563e-02  2.609e-03  1.137e-02 -6.436e-08 -4.149e-04  1.165e-04  8.273e-05  1.126e-04  1.318e-01 
 -1.250e-12 -9.201e-12  3.136e-09 -9.999e-08  8.811e-09  7.698e-05  2.333e+00 -2.980e+00  2.362e+01  2.293e+00  1.669e-09 
 -1.250e-12 -9.201e-12  3.136e-09 -9.999e-08  8.811e-09  7.698e-05  2.333e+00 -2.980e+00  2.362e+01  2.293e+00  1.669e-09 -4.234e-02  5.823e-03  4.400e-03  8.889e-05 -1.166e-04  2.470e-04  1.789e-05  2.491e-03 -2.369e-02  1.130e-02 -1.517e-08 
 -1.250e-12 -9.201e-12  3.136e-09 -9.999e-08  8.811e-09  7.698e-05  2.333e+00 -2.980e+00  2.362e+01  2.293e+00  1.669e-09 -4.234e-02  5.823e-03  4.400e-03  8.889e-05 -1.166e-04  2.470e-04  1.789e-05  2.491e-03 -2.369e-02  1.130e-02 -1.517e-08  1.357e-04 -1.143e-03  1.786e-04  1.613e-04  3.136e-04  3.999e-01 
  3.697e-13 -4.061e-11  9.089e-09  1.608e-08 -2.390e-08  1.433e-04  7.107e+00  4.761e-01 -6.216e+01  6.263e+00  4.835e-09 
  3.697e-13 -4.061e-11  9.089e-09  1.608e-08 -2.390e-08  1.433e-04  7.107e+00  4.761e-01 -6.216e+01  6.263e+00  4.835e-09  6.819e-03 -1.578e-02  1.082e-02  4.171e-05  1.864e-05 -2.627e-04  3.280e-05  4.295e-03  3.792e-03 -1.834e-02 -8.796e-08 
  3.697e-13 -4.061e-11  9.089e-09  1.608e-08 -2.390e-08  1.433e-04  7.107e+00  4.761e-01 -6.216e+01  6.263e+00  4.835e-09  6.819e-03 -1.578e-02  1.082e-02  4.171e-05  1.864e-05 -2.627e-04  3.280e-05  4.295e-03  3.792e-03 -1.834e-02 -8.796e-08  8.238e-05  1.793e-04 -2.019e-04  1.946e-04  1.255e-03  4.536e-04  5.594e-02 
 -7.090e-13 -2.229e-11  5.728e-09  9.856e-09  1.699e-08 -3.479e-04  4.396e+00  3.164e-01  4.470e+01 -1.503e+01  3.046e-09 
 -7.090e-13 -2.229e-11  5.728e-09  9.856e-09  1.699e-08 -3.479e-04  4.396e+00  3.164e-01  4.470e+01 -1.503e+01  3.046e-09  4.125e-03  1.122e-02 -2.610e-02  7.722e-05  1.206e-05  2.473e-04 -7.966e-05  3.395e-03  2.428e-03  1.488e-02  2.096e-07 
 -7.090e-13 -2.229e-11  5.728e-09  9.856e-09  1.699e-08 -3.479e-04  4.396e+00  3.164e-01  4.470e+01 -1.503e+01  3.046e-09  4.125e-03  1.122e-02 -2.610e-02  7.722e-05  1.206e-05  2.473e-04 -7.966e-05  3.395e-03  2.428e-03  1.488e-02  2.096e-07  1.252e-04  1.349e-04  1.856e-04 -4.796e-04  7.089e-04  2.859e-04  1.005e-03  1.384e-01 
 -4.663e-15 -2.099e-12 -1.802e-11 -3.180e-11 -5.654e-11 -1.894e-07 -1.302e-02 -7.312e-04 -1.314e-01 -1.070e-02 -9.556e-12 
 -4.663e-15 -2.099e-12 -1.802e-11 -3.180e-11 -5.654e-11 -1.894e-07 -1.302e-02 -7.312e-04 -1.314e-01 -1.070e-02 -9.556e-12 -1.372e-05 -3.720e-05 -1.868e-05  1.372e-07 -3.387e-08  1.431e-07 -4.298e-08 -5.332e-06 -6.981e-06 -1.990e-05  2.143e-10 
 -4.663e-15 -2.099e-12 -1.802e-11 -3.180e-11 -5.654e-11 -1.894e-07 -1.302e-02 -7.312e-04 -1.314e-01 -1.070e-02 -9.556e-12 -1.372e-05 -3.720e-05 -1.868e-05  1.372e-07 -3.387e-08  1.431e-07 -4.298e-08 -5.332e-06 -6.981e-06 -1.990e-05  2.143e-10  1.577e-07 -2.448e-07  5.422e-08 -9.515e-08 -2.579e-06 -7.271e-07 -3.529e-06 -1.932e-06  1.557e-04 
 -2.033e-09 -1.652e-08 -1.531e-07 -2.584e-07 -4.645e-07 -1.768e-03 -1.002e+02 -5.728e+00 -1.010e+03 -8.443e+01 -8.122e-08 
 -2.033e-09 -1.652e-08 -1.531e-07 -2.584e-07 -4.645e-07 -1.768e-03 -1.002e+02 -5.728e+00 -1.010e+03 -8.443e+01 -8.122e-08 -1.105e-01 -3.055e-01 -1.590e-01  2.255e-04 -2.807e-04 -5.356e-04 -4.114e-04 -5.564e-02 -5.732e-02 -2.092e-01  1.637e-06 
 -2.033e-09 -1.652e-08 -1.531e-07 -2.584e-07 -4.645e-07 -1.768e-03 -1.002e+02 -5.728e+00 -1.010e+03 -8.443e+01 -8.122e-08 -1.105e-01 -3.055e-01 -1.590e-01  2.255e-04 -2.807e-04 -5.356e-04 -4.114e-04 -5.564e-02 -5.732e-02 -2.092e-01  1.637e-06  1.666e-03 -1.792e-03  1.033e-03 -6.618e-04 -2.025e-02 -5.818e-03 -2.771e-02 -1.533e-02 -1.435e-03  7.950e+04 
 PARAMETER  CORRELATION COEFFICIENTS  
       NO.  GLOBAL      1      2      3      4      5      6      7      8      9     10     11     12     13     14     15     16
        1  0.38037   1.000 -0.234 -0.000 -0.000 -0.000 -0.029 -0.018 -0.009 -0.047 -0.029 -0.000 -0.020 -0.034 -0.075 -0.051 -0.003
        2  0.41664  -0.234  1.000 -0.000 -0.000 -0.000 -0.010 -0.036 -0.008 -0.098 -0.035 -0.000 -0.061 -0.086 -0.061  0.006 -0.004
        3  0.00220  -0.000 -0.000  1.000  0.000  0.000  0.000 -0.000  0.000  0.000  0.000  0.002  0.000  0.000  0.000 -0.000  0.000
        4  0.00138  -0.000 -0.000  0.000  1.000  0.000  0.000  0.000 -0.000  0.000  0.000  0.000  0.001  0.000  0.000  0.000 -0.000
        5  0.00311  -0.000 -0.000  0.000  0.000  1.000  0.000  0.000  0.000 -0.000  0.000  0.000  0.000  0.003  0.000  0.000  0.000
        6  0.05690  -0.029 -0.010  0.000  0.000  0.000  1.000  0.001  0.000  0.003 -0.005  0.000  0.002  0.003  0.048  0.002  0.000
        7  0.05539  -0.018 -0.036 -0.000  0.000  0.000  0.001  1.000  0.001  0.006  0.002 -0.000  0.003  0.005  0.005 -0.006  0.000
        8  0.02599  -0.009 -0.008  0.000 -0.000  0.000  0.000  0.001  1.000  0.002  0.001  0.000 -0.016  0.001  0.002  0.001 -0.001
        9  0.13872  -0.047 -0.098  0.000  0.000 -0.000  0.003  0.006  0.002  1.000  0.006  0.000  0.009 -0.012  0.013  0.003  0.001
       10  0.06159  -0.029 -0.035  0.000  0.000  0.000 -0.005  0.002  0.001  0.006  1.000  0.000  0.004  0.005 -0.019  0.002  0.000
       11  0.00253  -0.000 -0.000  0.002  0.000  0.000  0.000 -0.000  0.000  0.000  0.000  1.000  0.000  0.000  0.000 -0.000  0.000
       12  0.13765  -0.020 -0.061  0.000  0.001  0.000  0.002  0.003 -0.016  0.009  0.004  0.000  1.000  0.007  0.007  0.001 -0.005
       13  0.17887  -0.034 -0.086  0.000  0.000  0.003  0.003  0.005  0.001 -0.012  0.005  0.000  0.007  1.000  0.011  0.002  0.001
       14  0.12702  -0.075 -0.061  0.000  0.000  0.000  0.048  0.005  0.002  0.013 -0.019  0.000  0.007  0.011  1.000  0.004  0.001
       15  0.06379  -0.051  0.006 -0.000  0.000  0.000  0.002 -0.006  0.001  0.003  0.002 -0.000  0.001  0.002  0.004  1.000  0.000
       16  0.01291  -0.003 -0.004  0.000 -0.000  0.000  0.000  0.000 -0.001  0.001  0.000  0.000 -0.005  0.001  0.001  0.000  1.000
       17  0.07479  -0.061  0.003  0.000  0.000 -0.000  0.002  0.002  0.001 -0.004  0.002  0.000  0.002 -0.005  0.006  0.003  0.000
                     1.000  0.001  0.006  0.002 -0.022  0.000  0.003  0.001 -0.005  0.003  0.001  0.001 -0.002  0.001  0.000 -0.000
       18  0.01623  -0.010 -0.003  0.000  0.000  0.000 -0.004  0.000  0.000  0.001 -0.002  0.000  0.001  0.001 -0.009  0.001  0.000
                     0.001  1.000  0.001  0.000  0.002 -0.000  0.000  0.000  0.001 -0.001  0.000  0.000  0.001 -0.001 -0.000 -0.000
       19  0.11153  -0.088 -0.023 -0.000  0.000  0.000  0.003 -0.018  0.001  0.009  0.005 -0.001  0.005  0.007  0.010 -0.028  0.001
                     0.006  0.001  1.000  0.004  0.019  0.000 -0.019  0.001  0.008  0.004 -0.018  0.002  0.007  0.004 -0.000 -0.000
       20  0.12289  -0.023 -0.030  0.000 -0.001  0.000  0.001  0.002 -0.010  0.005  0.002  0.000 -0.108  0.004  0.005  0.001 -0.008
                     0.002  0.000  0.004  1.000  0.007 -0.000  0.001 -0.007  0.003  0.001  0.003 -0.015  0.006  0.003 -0.000 -0.000
       21  0.24273  -0.172 -0.035  0.000  0.000 -0.002  0.006  0.006  0.002 -0.017  0.009  0.000  0.009 -0.120  0.019  0.009  0.001
                    -0.022  0.002  0.019  0.007  1.000  0.000  0.008  0.003 -0.016  0.008  0.005  0.003 -0.013  0.007 -0.000 -0.000
       22  0.01250  -0.000  0.000 -0.000 -0.000 -0.000 -0.007 -0.000 -0.000 -0.000  0.000 -0.000 -0.000 -0.000 -0.010  0.000 -0.000
                     0.000 -0.000  0.000 -0.000  0.000  1.000  0.000 -0.000  0.000 -0.000 -0.000 -0.000 -0.000  0.000  0.000  0.000
       23  0.05324  -0.045  0.004 -0.000  0.000  0.000  0.001 -0.006  0.000  0.003  0.002 -0.000  0.001  0.002  0.004 -0.010  0.000
                     0.003  0.000 -0.019  0.001  0.008  0.000  1.000  0.001  0.004  0.002 -0.003  0.001  0.001  0.001  0.000  0.000
       24  0.01869  -0.012 -0.004  0.000 -0.000  0.000  0.000  0.001 -0.003  0.001  0.001  0.000 -0.008  0.001  0.001  0.001 -0.001
                     0.001  0.000  0.001 -0.007  0.003 -0.000  0.001  1.000  0.001  0.001  0.001 -0.003  0.001  0.001 -0.000 -0.000
       25  0.09769  -0.086  0.002  0.000  0.000 -0.000  0.003  0.002  0.001 -0.006  0.003  0.000  0.003 -0.005  0.008  0.005  0.000
                    -0.005  0.001  0.008  0.003 -0.016  0.000  0.004  0.001  1.000  0.004  0.001  0.001 -0.003  0.002  0.000  0.000
       26  0.04803  -0.042 -0.002  0.000  0.000  0.000 -0.004  0.001  0.001  0.003 -0.005  0.000  0.002  0.003 -0.012  0.002  0.000
                     0.003 -0.001  0.004  0.001  0.008 -0.000  0.002  0.001  0.004  1.000  0.001  0.001  0.002 -0.003 -0.000 -0.000
       27  0.08742   0.007 -0.080 -0.000  0.000  0.000  0.001 -0.016  0.001  0.009  0.003 -0.000  0.005  0.008  0.006 -0.003  0.000
                     0.001  0.000 -0.018  0.003  0.005 -0.000 -0.003  0.001  0.001  0.001  1.000  0.001  0.015  0.005 -0.001 -0.000
       28  0.04095  -0.009 -0.014  0.000 -0.000  0.000  0.001  0.001 -0.004  0.002  0.001  0.000 -0.028  0.002  0.002  0.001 -0.002
                     0.001  0.000  0.002 -0.015  0.003 -0.000  0.001 -0.003  0.001  0.001  0.001  1.000  0.003  0.001 -0.000 -0.000
       29  0.18747   0.007 -0.171  0.000  0.000 -0.000  0.003  0.007  0.002 -0.017  0.008  0.000  0.012 -0.015  0.014  0.001  0.001
                    -0.002  0.001  0.007  0.006 -0.013 -0.000  0.001  0.001 -0.003  0.002  0.015  0.003  1.000  0.011 -0.001 -0.000
       30  0.07297  -0.009 -0.060  0.000  0.000  0.000 -0.004  0.003  0.001  0.008 -0.012  0.000  0.005  0.007 -0.021  0.001  0.000
                     0.001 -0.001  0.004  0.003  0.007  0.000  0.001  0.001  0.002 -0.003  0.005  0.001  0.011  1.000 -0.000 -0.000
       31  0.18233  -0.002 -0.167 -0.000 -0.000 -0.000 -0.000 -0.000 -0.000 -0.001 -0.000 -0.000 -0.000 -0.001 -0.000  0.000 -0.000
                     0.000 -0.000 -0.000 -0.000 -0.000  0.000  0.000 -0.000  0.000 -0.000 -0.001 -0.000 -0.001 -0.000  1.000 -0.000
       32  0.08244  -0.034 -0.058 -0.000 -0.000 -0.000 -0.000 -0.000 -0.000 -0.000 -0.000 -0.000 -0.000 -0.000 -0.000  0.000 -0.000
                    -0.000 -0.000 -0.000 -0.000 -0.000  0.000  0.000 -0.000  0.000 -0.000 -0.000 -0.000 -0.000 -0.000 -0.000  1.000
 **********
 **   19 **HESSE     1.6e+04
 **********
 MINUIT WARNING IN HESSE   
 ============== Negative diagonal element 3 in Error Matrix
 MINUIT WARNING IN HESSE   
 ============== 1 added to diagonal of error matrix
 COVARIANCE MATRIX CALCULATED SUCCESSFULLY
 FCN=-562.039 FROM HESSE     STATUS=OK            625 CALLS        5693 TOTAL
                     EDM=3.17137e-05    STRATEGY= 2      ERROR MATRIX ACCURATE 
  EXT PARAMETER                                INTERNAL      INTERNAL  
  NO.   NAME      VALUE            ERROR       STEP SIZE       VALUE   
   1  BF_bd        4.18367e-10   2.12681e-10   6.47929e-05  -1.15881e+00
   2  BF_bs        3.59773e-09   9.97207e-10   6.34692e-04  -2.84267e-01
   3  B_1comb_0    3.18200e-02   2.15221e-01   1.00000e-01  -3.97053e+02
   4  B_1comb_1    4.31323e-05   1.82135e-01   6.07686e-03  -1.58393e+00
   5  B_1comb_2    2.09821e-05   1.63398e-01   4.85981e-03  -1.57996e+00
   6  B_1comb_3    6.39594e-01   2.07014e-01   1.62831e-03   2.82947e-01
   7  N_bu_0       7.14495e+04   4.07708e+03   8.19975e-05  -1.07327e+00
   8  N_bu_1       2.13984e+04   1.07732e+03   1.54678e-05  -1.10492e+00
   9  N_bu_2       3.08970e+05   1.53478e+04   1.51905e-05  -1.10745e+00
  10  N_bu_3       6.89663e+04   3.46452e+03   1.54601e-05  -1.10907e+00
  11  N_comb_0     1.23418e-08   8.54196e-01   6.05574e-05  -1.57080e+00
                                 WARNING -   - ABOVE PARAMETER IS AT LIMIT.
  12  N_comb_1     4.23594e+00   2.40217e+00   3.78602e-05  -1.52963e+00
  13  N_comb_2     1.40938e+01   4.52684e+00   3.88727e-05  -1.49570e+00
  14  N_comb_3     8.78481e+00   3.26765e+00   3.58190e-05  -1.51151e+00
  15  N_peak_0     4.43864e-01   2.39115e-01   7.42589e-06  -1.52866e+00
  16  N_peak_1     1.74547e-01   9.38753e-02   4.65467e-06  -1.54437e+00
  17  N_peak_2     9.26707e-01   4.99874e-01   1.07337e-05  -1.50990e+00
  18  N_peak_3     2.86600e-01   1.53191e-01   5.92823e-06  -1.53694e+00
  19  N_semi_0     4.59785e+00   2.43948e+00   3.70469e-05  -1.52791e+00
  20  N_semi_1     4.89663e+00   2.47510e+00   3.63739e-05  -1.52654e+00
  21  N_semi_2     2.57663e+01   5.98560e+00   3.75206e-05  -1.46923e+00
  22  N_semi_3     5.29110e-06   2.44014e+00   1.02570e-04  -1.57075e+00
                                 WARNING -   - ABOVE PARAMETER IS AT LIMIT.
  23  effratio_bd_0   3.39156e+00   4.03188e-01   3.57685e-04  -9.13369e-02
  24  effratio_bd_1   5.54981e+00   6.35041e-01   3.51347e-04  -7.20290e-02
  25  effratio_bd_2   2.92908e+00   2.48549e-01   3.24645e-04   8.96244e-04
  26  effratio_bd_3   4.74295e+00   4.14036e-01   3.26876e-04  -4.54321e-03
  27  effratio_bs_0   3.08843e+00   3.62390e-01   3.52662e-04  -8.97987e-02
  28  effratio_bs_1   5.59544e+00   6.31192e-01   3.48765e-04  -6.43812e-02
  29  effratio_bs_2   2.80519e+00   2.36122e-01   3.17555e-04   1.30100e-04
  30  effratio_bs_3   4.24720e+00   3.71468e-01   3.25354e-04  -1.02580e-02
  31  fs_over_fu   2.55990e-01   1.24714e-02   1.61090e-04  -4.40545e-02
  32  one_over_BRBR   1.65979e+04   2.81835e+02   1.63210e-04   4.76474e-06
                               ERR DEF= 0.5
 EXTERNAL ERROR MATRIX.    NDIM= 178    NPAR= 32    ERR DEF=0.5
 ELEMENTS ABOVE DIAGONAL ARE NOT PRINTED.
  4.540e-20 
 -5.026e-20  1.009e-18 
 -6.199e-19 -4.584e-18  3.081e-02 
  1.492e-16  1.660e-15 -1.802e-13  3.354e-05 
  1.100e-16  1.329e-15 -1.413e-13  3.126e-12  1.453e-05 
 -1.323e-12 -2.053e-12  3.806e-11 -1.139e-08 -8.789e-09  4.581e-02 
 -1.535e-08 -1.479e-07 -5.440e-06 -3.790e-04 -2.984e-04  1.082e+00  1.663e+07 
 -2.109e-09 -8.876e-09  8.716e-08  4.850e-04 -2.300e-05  1.047e-01  2.733e+03  1.161e+06 
 -1.509e-07 -1.512e-06  6.972e-06 -3.846e-03  2.721e-03  1.087e+01  3.532e+05  2.757e+04  2.356e+08 
 -2.151e-08 -1.228e-07  1.133e-06 -3.636e-04 -2.841e-04 -3.697e+00  3.368e+04  2.797e+03  3.404e+05  1.201e+07 
 -2.500e-18 -1.849e-17  1.047e-08 -5.665e-14 -4.436e-14  1.548e-10 -2.290e-05  3.533e-07  4.713e-05  4.591e-06  4.217e-08 
 -1.025e-11 -1.464e-10  1.033e-09 -7.615e-05 -2.746e-07  9.062e-04  3.185e+01 -4.074e+01  3.231e+02  3.012e+01  4.227e-09 
 -1.025e-11 -1.464e-10  1.033e-09 -7.615e-05 -2.746e-07  9.062e-04  3.185e+01 -4.074e+01  3.231e+02  3.012e+01  4.227e-09  5.771e+00 
 -3.288e-11 -3.898e-10  2.917e-09 -9.573e-07 -1.048e-04  2.600e-03  8.782e+01  6.748e+00 -8.032e+02  8.385e+01  1.169e-08 
 -3.288e-11 -3.898e-10  2.917e-09 -9.573e-07 -1.048e-04  2.600e-03  8.782e+01  6.748e+00 -8.032e+02  8.385e+01  1.169e-08  8.078e-02  2.049e+01 
 -5.210e-11 -1.991e-10  2.177e-09 -6.837e-07 -5.334e-07  3.337e-02  6.389e+01  5.571e+00  6.444e+02 -2.186e+02  8.839e-09 
 -5.210e-11 -1.991e-10  2.177e-09 -6.837e-07 -5.334e-07  3.337e-02  6.389e+01  5.571e+00  6.444e+02 -2.186e+02  8.839e-09  5.602e-02  1.574e-01  1.068e+01 
 -2.627e-12  1.497e-12 -8.014e-11 -1.151e-08 -8.701e-09  8.216e-05 -6.045e+00  1.397e-01  1.137e+01  1.476e+00 -6.190e-10 
 -2.627e-12  1.497e-12 -8.014e-11 -1.151e-08 -8.701e-09  8.216e-05 -6.045e+00  1.397e-01  1.137e+01  1.476e+00 -6.190e-10  8.414e-04  2.574e-03  3.422e-03  5.718e-02 
 -6.654e-14 -3.634e-13 -2.599e-11  1.435e-08 -8.535e-10  3.626e-06  1.012e-01 -1.304e-01  1.022e+00  1.017e-01  1.076e-11 
 -6.654e-14 -3.634e-13 -2.599e-11  1.435e-08 -8.535e-10  3.626e-06  1.012e-01 -1.304e-01  1.022e+00  1.017e-01  1.076e-11 -1.193e-03  2.516e-04  1.992e-04  4.529e-06  8.813e-03 
 -6.545e-12  1.554e-12  1.210e-10 -3.308e-08  2.984e-08  2.131e-04  3.251e+00  3.745e-01 -3.405e+01  4.026e+00  4.836e-10 
 -6.545e-12  1.554e-12  1.210e-10 -3.308e-08  2.984e-08  2.131e-04  3.251e+00  3.745e-01 -3.405e+01  4.026e+00  4.836e-10  2.470e-03 -1.159e-02  9.134e-03  3.881e-04  1.231e-05  2.499e-01 
 -3.107e-13 -4.590e-13  5.511e-11 -2.627e-09 -2.028e-09 -1.319e-04  2.501e-01  2.427e-02  2.508e+00 -8.543e-01  3.415e-11 
 -3.107e-13 -4.590e-13  5.511e-11 -2.627e-09 -2.028e-09 -1.319e-04  2.501e-01  2.427e-02  2.508e+00 -8.543e-01  3.415e-11  2.089e-04  5.999e-04 -4.668e-03  1.926e-05  8.403e-07  4.987e-05  2.347e-02 
 -4.585e-11 -5.558e-11 -2.214e-08 -3.636e-07 -2.801e-07  1.748e-03 -1.758e+02  3.439e+00  3.481e+02  3.884e+01 -8.786e-08 
 -4.585e-11 -5.558e-11 -2.214e-08 -3.636e-07 -2.801e-07  1.748e-03 -1.758e+02  3.439e+00  3.481e+02  3.884e+01 -8.786e-08  2.873e-02  8.289e-02  8.262e-02 -1.660e-02  1.182e-04  7.287e-03  4.079e-04  5.951e+00 
 -1.229e-11 -7.521e-11  8.345e-10  6.540e-05 -1.706e-07  7.006e-04  2.015e+01 -2.592e+01  2.037e+02  2.006e+01  2.736e-09 
 -1.229e-11 -7.521e-11  8.345e-10  6.540e-05 -1.706e-07  7.006e-04  2.015e+01 -2.592e+01  2.037e+02  2.006e+01  2.736e-09 -6.453e-01  5.024e-02  3.905e-02  8.512e-04 -1.969e-03  2.331e-03  1.623e-04  2.277e-02  6.126e+00 
 -2.198e-10 -2.101e-10  5.663e-09 -1.630e-06  9.455e-05  8.164e-03  1.563e+02  1.580e+01 -1.560e+03  1.772e+02  2.267e-08 
 -2.198e-10 -2.101e-10  5.663e-09 -1.630e-06  9.455e-05  8.164e-03  1.563e+02  1.580e+01 -1.560e+03  1.772e+02  2.267e-08  1.281e-01 -3.252e+00  3.803e-01  1.345e-02  5.399e-04 -6.688e-02  1.906e-03  2.752e-01  1.037e-01  3.583e+01 
 -8.476e-17  7.346e-16 -4.355e-13  9.985e-13  8.066e-13 -3.684e-06 -8.638e-05 -3.476e-06 -8.899e-04  2.993e-04  5.428e-15 
 -8.476e-17  7.346e-16 -4.355e-13  9.985e-13  8.066e-13 -3.684e-06 -8.638e-05 -3.476e-06 -8.899e-04  2.993e-04  5.428e-15 -9.107e-08 -2.357e-07 -7.820e-05  3.905e-09 -1.811e-10  8.402e-09 -7.222e-09  1.139e-08 -3.903e-08  9.325e-08  5.165e-05 
 -3.805e-12  1.654e-12 -3.421e-10 -1.771e-08 -1.333e-08  1.210e-04 -9.198e+00  2.087e-01  1.742e+01  2.221e+00 -1.375e-09 
 -3.805e-12  1.654e-12 -3.421e-10 -1.771e-08 -1.333e-08  1.210e-04 -9.198e+00  2.087e-01  1.742e+01  2.221e+00 -1.375e-09  1.307e-03  3.967e-03  5.100e-03 -9.874e-04  6.821e-06  5.655e-04  2.834e-05 -1.902e-02  1.283e-03  1.973e-02  5.329e-09 
 -3.805e-12  1.654e-12 -3.421e-10 -1.771e-08 -1.333e-08  1.210e-04 -9.198e+00  2.087e-01  1.742e+01  2.221e+00 -1.375e-09  1.307e-03  3.967e-03  5.100e-03 -9.874e-04  6.821e-06  5.655e-04  2.834e-05 -1.902e-02  1.283e-03  1.973e-02  5.329e-09  1.632e-01 
 -1.562e-12 -2.649e-12  4.576e-11  1.548e-07 -1.075e-08  6.245e-05  1.318e+00 -1.715e+00  1.324e+01  1.444e+00  1.853e-10 
 -1.562e-12 -2.649e-12  4.576e-11  1.548e-07 -1.075e-08  6.245e-05  1.318e+00 -1.715e+00  1.324e+01  1.444e+00  1.853e-10 -1.169e-02  3.174e-03  3.026e-03  9.734e-05 -5.682e-05  2.529e-04  1.455e-05  2.090e-03 -1.076e-02  9.750e-03 -9.703e-11 
 -1.562e-12 -2.649e-12  4.576e-11  1.548e-07 -1.075e-08  6.245e-05  1.318e+00 -1.715e+00  1.324e+01  1.444e+00  1.853e-10 -1.169e-02  3.174e-03  3.026e-03  9.734e-05 -5.682e-05  2.529e-04  1.455e-05  2.090e-03 -1.076e-02  9.750e-03 -9.703e-11  1.435e-04  4.048e-01 
 -4.544e-12  5.385e-13  8.898e-11 -2.399e-08  1.919e-08  1.500e-04  2.354e+00  2.668e-01 -2.449e+01  2.881e+00  3.559e-10 
 -4.544e-12  5.385e-13  8.898e-11 -2.399e-08  1.919e-08  1.500e-04  2.354e+00  2.668e-01 -2.449e+01  2.881e+00  3.559e-10  1.808e-03 -5.694e-03  6.493e-03  2.703e-04  8.833e-06 -6.654e-04  3.511e-05  5.122e-03  1.671e-03 -2.389e-02  5.343e-09 
 -4.544e-12  5.385e-13  8.898e-11 -2.399e-08  1.919e-08  1.500e-04  2.354e+00  2.668e-01 -2.449e+01  2.881e+00  3.559e-10  1.808e-03 -5.694e-03  6.493e-03  2.703e-04  8.833e-06 -6.654e-04  3.511e-05  5.122e-03  1.671e-03 -2.389e-02  5.343e-09  3.941e-04  1.782e-04  6.198e-02 
 -3.683e-12 -1.025e-12  7.953e-11 -2.236e-08 -1.705e-08 -3.835e-04  2.170e+00  2.341e-01  2.166e+01 -7.396e+00  3.222e-10 
 -3.683e-12 -1.025e-12  7.953e-11 -2.236e-08 -1.705e-08 -3.835e-04  2.170e+00  2.341e-01  2.166e+01 -7.396e+00  3.222e-10  1.716e-03  5.059e-03 -1.664e-02  2.214e-04  7.857e-06  5.637e-04 -8.975e-05  4.321e-03  1.496e-03  2.040e-02 -1.335e-08 
 -3.683e-12 -1.025e-12  7.953e-11 -2.236e-08 -1.705e-08 -3.835e-04  2.170e+00  2.341e-01  2.166e+01 -7.396e+00  3.222e-10  1.716e-03  5.059e-03 -1.664e-02  2.214e-04  7.857e-06  5.637e-04 -8.975e-05  4.321e-03  1.496e-03  2.040e-02 -1.335e-08  3.235e-04  1.514e-04  3.944e-04  1.720e-01 
  5.761e-13 -2.917e-11 -7.542e-10 -5.489e-08 -4.371e-08  9.292e-05 -2.347e+01  3.223e-01  5.030e+01  4.290e+00 -3.036e-09 
  5.761e-13 -2.917e-11 -7.542e-10 -5.489e-08 -4.371e-08  9.292e-05 -2.347e+01  3.223e-01  5.030e+01  4.290e+00 -3.036e-09  4.774e-03  1.284e-02  7.334e-03 -2.363e-04  1.276e-05  9.587e-05  2.110e-05 -1.565e-02  2.608e-03  1.137e-02 -2.093e-08 
  5.761e-13 -2.917e-11 -7.542e-10 -5.489e-08 -4.371e-08  9.292e-05 -2.347e+01  3.223e-01  5.030e+01  4.290e+00 -3.036e-09  4.774e-03  1.284e-02  7.334e-03 -2.363e-04  1.276e-05  9.587e-05  2.110e-05 -1.565e-02  2.608e-03  1.137e-02 -2.093e-08 -4.149e-04  1.167e-04  8.336e-05  1.130e-04  1.318e-01 
 -1.253e-12 -9.137e-12  7.732e-11  4.895e-07 -1.972e-08  7.707e-05  2.318e+00 -2.975e+00  2.346e+01  2.280e+00  3.135e-10 
 -1.253e-12 -9.137e-12  7.732e-11  4.895e-07 -1.972e-08  7.707e-05  2.318e+00 -2.975e+00  2.346e+01  2.280e+00  3.135e-10 -4.237e-02  5.805e-03  4.393e-03  8.907e-05 -1.165e-04  2.469e-04  1.784e-05  2.493e-03 -2.369e-02  1.130e-02 -5.052e-09 
 -1.253e-12 -9.137e-12  7.732e-11  4.895e-07 -1.972e-08  7.707e-05  2.318e+00 -2.975e+00  2.346e+01  2.280e+00  3.135e-10 -4.237e-02  5.805e-03  4.393e-03  8.907e-05 -1.165e-04  2.469e-04  1.784e-05  2.493e-03 -2.369e-02  1.130e-02 -5.052e-09  1.349e-04 -1.144e-03  1.776e-04  1.607e-04  3.115e-04  3.999e-01 
  3.673e-13 -4.053e-11  2.417e-10 -7.864e-08  5.371e-08  1.436e-04  7.089e+00  4.738e-01 -6.228e+01  6.245e+00  9.098e-10 
  3.673e-13 -4.053e-11  2.417e-10 -7.864e-08  5.371e-08  1.436e-04  7.089e+00  4.738e-01 -6.228e+01  6.245e+00  9.098e-10  6.816e-03 -1.578e-02  1.082e-02  4.164e-05  1.860e-05 -2.623e-04  3.272e-05  4.298e-03  3.788e-03 -1.835e-02 -2.862e-08 
  3.673e-13 -4.053e-11  2.417e-10 -7.864e-08  5.371e-08  1.436e-04  7.089e+00  4.738e-01 -6.228e+01  6.245e+00  9.098e-10  6.816e-03 -1.578e-02  1.082e-02  4.164e-05  1.860e-05 -2.623e-04  3.272e-05  4.298e-03  3.788e-03 -1.835e-02 -2.862e-08  8.280e-05  1.794e-04 -2.018e-04  1.949e-04  1.251e-03  4.504e-04  5.593e-02 
 -7.107e-13 -2.224e-11  1.416e-10 -4.818e-08 -3.817e-08 -3.489e-04  4.382e+00  3.150e-01  4.454e+01 -1.503e+01  5.734e-10 
 -7.107e-13 -2.224e-11  1.416e-10 -4.818e-08 -3.817e-08 -3.489e-04  4.382e+00  3.150e-01  4.454e+01 -1.503e+01  5.734e-10  4.122e-03  1.122e-02 -2.612e-02  7.730e-05  1.203e-05  2.472e-04 -7.953e-05  3.400e-03  2.425e-03  1.488e-02  6.842e-08 
 -7.107e-13 -2.224e-11  1.416e-10 -4.818e-08 -3.817e-08 -3.489e-04  4.382e+00  3.150e-01  4.454e+01 -1.503e+01  5.734e-10  4.122e-03  1.122e-02 -2.612e-02  7.730e-05  1.203e-05  2.472e-04 -7.953e-05  3.400e-03  2.425e-03  1.488e-02  6.842e-08  1.249e-04  1.348e-04  1.852e-04 -4.804e-04  7.068e-04  2.841e-04  1.001e-03  1.384e-01 
 -4.752e-15 -2.096e-12  3.351e-13  1.569e-10  1.263e-10 -1.939e-07 -1.384e-02 -8.194e-04 -1.411e-01 -1.147e-02 -1.767e-12 
 -4.752e-15 -2.096e-12  3.351e-13  1.569e-10  1.263e-10 -1.939e-07 -1.384e-02 -8.194e-04 -1.411e-01 -1.147e-02 -1.767e-12 -1.387e-05 -3.706e-05 -1.886e-05  1.412e-07 -3.434e-08  1.466e-07 -4.356e-08 -5.288e-06 -7.110e-06 -1.994e-05  7.075e-11 
 -4.752e-15 -2.096e-12  3.351e-13  1.569e-10  1.263e-10 -1.939e-07 -1.384e-02 -8.194e-04 -1.411e-01 -1.147e-02 -1.767e-12 -1.387e-05 -3.706e-05 -1.886e-05  1.412e-07 -3.434e-08  1.466e-07 -4.356e-08 -5.288e-06 -7.110e-06 -1.994e-05  7.075e-11  1.566e-07 -2.505e-07  5.107e-08 -9.733e-08 -2.731e-06 -8.382e-07 -3.783e-06 -2.075e-06  1.557e-04 
 -2.020e-09 -1.651e-08  1.349e-08  1.301e-06  1.049e-06 -2.168e-03 -1.162e+02 -7.451e+00 -1.182e+03 -1.005e+02 -1.505e-08 
 -2.020e-09 -1.651e-08  1.349e-08  1.301e-06  1.049e-06 -2.168e-03 -1.162e+02 -7.451e+00 -1.182e+03 -1.005e+02 -1.505e-08 -1.142e-01 -3.084e-01 -1.739e-01 -1.727e-04 -3.048e-04 -2.031e-03 -4.904e-04 -6.406e-02 -6.196e-02 -2.638e-01  5.060e-07 
 -2.020e-09 -1.651e-08  1.349e-08  1.301e-06  1.049e-06 -2.168e-03 -1.162e+02 -7.451e+00 -1.182e+03 -1.005e+02 -1.505e-08 -1.142e-01 -3.084e-01 -1.739e-01 -1.727e-04 -3.048e-04 -2.031e-03 -4.904e-04 -6.406e-02 -6.196e-02 -2.638e-01  5.060e-07 -5.702e-04 -2.720e-03 -1.751e-03 -2.528e-03 -2.121e-02 -7.183e-03 -2.959e-02 -1.667e-02 -1.541e-03  7.950e+04 
 PARAMETER  CORRELATION COEFFICIENTS  
       NO.  GLOBAL      1      2      3      4      5      6      7      8      9     10     11     12     13     14     15     16
        1  0.38053   1.000 -0.235 -0.000  0.000  0.000 -0.029 -0.018 -0.009 -0.046 -0.029 -0.000 -0.020 -0.034 -0.075 -0.052 -0.003
        2  0.41666  -0.235  1.000 -0.000  0.000  0.000 -0.010 -0.036 -0.008 -0.098 -0.035 -0.000 -0.061 -0.086 -0.061  0.006 -0.004
        3  0.00029  -0.000 -0.000  1.000 -0.000 -0.000  0.000 -0.000  0.000  0.000  0.000  0.000  0.000  0.000  0.000 -0.000 -0.000
        4  0.00678   0.000  0.000 -0.000  1.000  0.000 -0.000 -0.000  0.000 -0.000 -0.000 -0.000 -0.005 -0.000 -0.000 -0.000  0.000
        5  0.00701   0.000  0.000 -0.000  0.000  1.000 -0.000 -0.000 -0.000  0.000 -0.000 -0.000 -0.000 -0.006 -0.000 -0.000 -0.000
        6  0.05665  -0.029 -0.010  0.000 -0.000 -0.000  1.000  0.001  0.000  0.003 -0.005  0.000  0.002  0.003  0.048  0.002  0.000
        7  0.05530  -0.018 -0.036 -0.000 -0.000 -0.000  0.001  1.000  0.001  0.006  0.002 -0.000  0.003  0.005  0.005 -0.006  0.000
        8  0.02595  -0.009 -0.008  0.000  0.000 -0.000  0.000  0.001  1.000  0.002  0.001  0.000 -0.016  0.001  0.002  0.001 -0.001
        9  0.13842  -0.046 -0.098  0.000 -0.000  0.000  0.003  0.006  0.002  1.000  0.006  0.000  0.009 -0.012  0.013  0.003  0.001
       10  0.06148  -0.029 -0.035  0.000 -0.000 -0.000 -0.005  0.002  0.001  0.006  1.000  0.000  0.004  0.005 -0.019  0.002  0.000
       11  0.00037  -0.000 -0.000  0.000 -0.000 -0.000  0.000 -0.000  0.000  0.000  0.000  1.000  0.000  0.000  0.000 -0.000  0.000
       12  0.13792  -0.020 -0.061  0.000 -0.005 -0.000  0.002  0.003 -0.016  0.009  0.004  0.000  1.000  0.007  0.007  0.001 -0.005
       13  0.17910  -0.034 -0.086  0.000 -0.000 -0.006  0.003  0.005  0.001 -0.012  0.005  0.000  0.007  1.000  0.011  0.002  0.001
       14  0.12683  -0.075 -0.061  0.000 -0.000 -0.000  0.048  0.005  0.002  0.013 -0.019  0.000  0.007  0.011  1.000  0.004  0.001
       15  0.06388  -0.052  0.006 -0.000 -0.000 -0.000  0.002 -0.006  0.001  0.003  0.002 -0.000  0.001  0.002  0.004  1.000  0.000
       16  0.01290  -0.003 -0.004 -0.000  0.000 -0.000  0.000  0.000 -0.001  0.001  0.000  0.000 -0.005  0.001  0.001  0.000  1.000
       17  0.07476  -0.061  0.003  0.000 -0.000  0.000  0.002  0.002  0.001 -0.004  0.002  0.000  0.002 -0.005  0.006  0.003  0.000
                     1.000  0.001  0.006  0.002 -0.022  0.000  0.003  0.001 -0.005  0.003  0.001  0.001 -0.002  0.001  0.000 -0.000
       18  0.01621  -0.010 -0.003  0.000 -0.000 -0.000 -0.004  0.000  0.000  0.001 -0.002  0.000  0.001  0.001 -0.009  0.001  0.000
                     0.001  1.000  0.001  0.000  0.002 -0.000  0.000  0.000  0.001 -0.001  0.000  0.000  0.001 -0.001 -0.000 -0.000
       19  0.11175  -0.088 -0.023 -0.000 -0.000 -0.000  0.003 -0.018  0.001  0.009  0.005 -0.000  0.005  0.008  0.010 -0.028  0.001
                     0.006  0.001  1.000  0.004  0.019  0.000 -0.019  0.001  0.008  0.004 -0.018  0.002  0.007  0.004 -0.000 -0.000
       20  0.12313  -0.023 -0.030  0.000  0.005 -0.000  0.001  0.002 -0.010  0.005  0.002  0.000 -0.109  0.004  0.005  0.001 -0.008
                     0.002  0.000  0.004  1.000  0.007 -0.000  0.001 -0.007  0.003  0.001  0.003 -0.015  0.006  0.003 -0.000 -0.000
       21  0.24302  -0.172 -0.035  0.000 -0.000  0.004  0.006  0.006  0.002 -0.017  0.009  0.000  0.009 -0.120  0.019  0.009  0.001
                    -0.022  0.002  0.019  0.007  1.000  0.000  0.008  0.003 -0.016  0.008  0.005  0.003 -0.013  0.007 -0.000 -0.000
       22  0.00404  -0.000  0.000 -0.000  0.000  0.000 -0.002 -0.000 -0.000 -0.000  0.000  0.000 -0.000 -0.000 -0.003  0.000 -0.000
                     0.000 -0.000  0.000 -0.000  0.000  1.000  0.000 -0.000  0.000 -0.000 -0.000 -0.000 -0.000  0.000  0.000  0.000
       23  0.05296  -0.044  0.004 -0.000 -0.000 -0.000  0.001 -0.006  0.000  0.003  0.002 -0.000  0.001  0.002  0.004 -0.010  0.000
                     0.003  0.000 -0.019  0.001  0.008  0.000  1.000  0.001  0.004  0.002 -0.003  0.001  0.001  0.001  0.000 -0.000
       24  0.01864  -0.012 -0.004  0.000  0.000 -0.000  0.000  0.001 -0.003  0.001  0.001  0.000 -0.008  0.001  0.001  0.001 -0.001
                     0.001  0.000  0.001 -0.007  0.003 -0.000  0.001  1.000  0.001  0.001  0.001 -0.003  0.001  0.001 -0.000 -0.000
       25  0.09709  -0.086  0.002  0.000 -0.000  0.000  0.003  0.002  0.001 -0.006  0.003  0.000  0.003 -0.005  0.008  0.005  0.000
                    -0.005  0.001  0.008  0.003 -0.016  0.000  0.004  0.001  1.000  0.004  0.001  0.001 -0.003  0.002  0.000 -0.000
       26  0.04784  -0.042 -0.002  0.000 -0.000 -0.000 -0.004  0.001  0.001  0.003 -0.005  0.000  0.002  0.003 -0.012  0.002  0.000
                     0.003 -0.001  0.004  0.001  0.008 -0.000  0.002  0.001  0.004  1.000  0.001  0.001  0.002 -0.003 -0.000 -0.000
       27  0.08734   0.007 -0.080 -0.000 -0.000 -0.000  0.001 -0.016  0.001  0.009  0.003 -0.000  0.005  0.008  0.006 -0.003  0.000
                     0.001  0.000 -0.018  0.003  0.005 -0.000 -0.003  0.001  0.001  0.001  1.000  0.001  0.015  0.005 -0.001 -0.000
       28  0.04092  -0.009 -0.014  0.000  0.000 -0.000  0.001  0.001 -0.004  0.002  0.001  0.000 -0.028  0.002  0.002  0.001 -0.002
                     0.001  0.000  0.002 -0.015  0.003 -0.000  0.001 -0.003  0.001  0.001  0.001  1.000  0.003  0.001 -0.000 -0.000
       29  0.18719   0.007 -0.171  0.000 -0.000  0.000  0.003  0.007  0.002 -0.017  0.008  0.000  0.012 -0.015  0.014  0.001  0.001
                    -0.002  0.001  0.007  0.006 -0.013 -0.000  0.001  0.001 -0.003  0.002  0.015  0.003  1.000  0.011 -0.001 -0.000
       30  0.07288  -0.009 -0.060  0.000 -0.000 -0.000 -0.004  0.003  0.001  0.008 -0.012  0.000  0.005  0.007 -0.021  0.001  0.000
                     0.001 -0.001  0.004  0.003  0.007  0.000  0.001  0.001  0.002 -0.003  0.005  0.001  0.011  1.000 -0.000 -0.000
       31  0.18207  -0.002 -0.167  0.000  0.000  0.000 -0.000 -0.000 -0.000 -0.001 -0.000 -0.000 -0.000 -0.001 -0.000  0.000 -0.000
                     0.000 -0.000 -0.000 -0.000 -0.000  0.000  0.000 -0.000  0.000 -0.000 -0.001 -0.000 -0.001 -0.000  1.000 -0.000
       32  0.08229  -0.034 -0.058  0.000  0.000  0.000 -0.000 -0.000 -0.000 -0.000 -0.000 -0.000 -0.000 -0.000 -0.000 -0.000 -0.000
                    -0.000 -0.000 -0.000 -0.000 -0.000  0.000 -0.000 -0.000 -0.000 -0.000 -0.000 -0.000 -0.000 -0.000 -0.000  1.000
[#1] INFO:ObjectHandling -- RooWorkspace::import(ws) importing dataset global_data

  RooFitResult: minimized FCN value: -562.039, estimated distance to minimum: 3.17137e-05
                covariance matrix quality: Full, accurate covariance matrix
                Status : MIGRAD=0 HESSE=0 

    Floating Parameter    FinalValue +/-  Error   
  --------------------  --------------------------
                 BF_bd    4.1837e-10 +/-  2.13e-10
                 BF_bs    3.5977e-09 +/-  9.97e-10
             B_1comb_0    3.1820e-02 +/-  2.15e-01
             B_1comb_1    4.3132e-05 +/-  1.82e-01
             B_1comb_2    2.0982e-05 +/-  1.63e-01
             B_1comb_3    6.3959e-01 +/-  2.07e-01
                N_bu_0    7.1450e+04 +/-  4.08e+03
                N_bu_1    2.1398e+04 +/-  1.08e+03
                N_bu_2    3.0897e+05 +/-  1.53e+04
                N_bu_3    6.8966e+04 +/-  3.46e+03
              N_comb_0    1.2342e-08 +/-  8.54e-01
              N_comb_1    4.2359e+00 +/-  2.40e+00
              N_comb_2    1.4094e+01 +/-  4.53e+00
              N_comb_3    8.7848e+00 +/-  3.27e+00
              N_peak_0    4.4386e-01 +/-  2.39e-01
              N_peak_1    1.7455e-01 +/-  9.39e-02
              N_peak_2    9.2671e-01 +/-  5.00e-01
              N_peak_3    2.8660e-01 +/-  1.53e-01
              N_semi_0    4.5978e+00 +/-  2.44e+00
              N_semi_1    4.8966e+00 +/-  2.48e+00
              N_semi_2    2.5766e+01 +/-  5.99e+00
              N_semi_3    5.2911e-06 +/-  2.44e+00
         effratio_bd_0    3.3916e+00 +/-  4.03e-01
         effratio_bd_1    5.5498e+00 +/-  6.35e-01
         effratio_bd_2    2.9291e+00 +/-  2.49e-01
         effratio_bd_3    4.7430e+00 +/-  4.14e-01
         effratio_bs_0    3.0884e+00 +/-  3.62e-01
         effratio_bs_1    5.5954e+00 +/-  6.31e-01
         effratio_bs_2    2.8052e+00 +/-  2.36e-01
         effratio_bs_3    4.2472e+00 +/-  3.71e-01
            fs_over_fu    2.5599e-01 +/-  1.25e-02
         one_over_BRBR    1.6598e+04 +/-  2.82e+02

[1;31mextracting events in ranges...[0m
tex file saved in output/yields.tex
[1;31msignificance[0m
nuisance pdf = 
RooProdPdf::nui_pdf[ N_bu_gau_0 * fs_over_fu_gau * effratio_gau_bs_0 * one_over_BRBR_gau * N_peak_gau_0 * N_semi_gau_0 * effratio_gau_bd_0 * N_bu_gau_1 * effratio_gau_bs_1 * N_peak_gau_1 * N_semi_gau_1 * effratio_gau_bd_1 * N_bu_gau_2 * effratio_gau_bs_2 * N_peak_gau_2 * N_semi_gau_2 * effratio_gau_bd_2 * N_bu_gau_3 * effratio_gau_bs_3 * N_peak_gau_3 * N_semi_gau_3 * effratio_gau_bd_3 ] = 1.19404
[#1] INFO:ObjectHandling -- RooWorkspace::import(ws) importing RooProdPdf::nui_pdf
[#0] PROGRESS:Minization -- ProfileLikelihoodCalcultor::DoGlobalFit - using Minuit / Migrad with strategy 1
[#0] PROGRESS:Minization -- ProfileLikelihoodCalcultor::GetHypoTest - do conditional fit 
ProfileLikelihoodCalculator: The p-value for the null is 8.36922e-07; The significance for the null is 4.78928
Info in <RooWorkspace::SaveAs>: ROOT file ws_/ws_BF_PEE_syst.root has been created
pdf_fitData destructor
pdf_analysis destructor
